2017-05-23 23:06:41 	BMX -> SERVER : [2,"1","BootNotification", {"chargePointVendor":"Alfen BV","chargePointModel":"EVe-dual"}]
2017-05-23 23:06:41 	SERVER -> BMX : [3, "1", {"status":"Accepted","currentTime":"2017-05-23T11:06:41Z","heartbeatInterval":650}]
2017-05-23 23:07:21 	BMX -> SERVER : [2, "V7NeDL1MnbkaQcaHcYnvxOpCdcI4gpAV", "StartTransaction", {"idTag" : "1111", "connectorId" : 1, "timestamp": "2013-02-01T15:09:18Z", "meterStart": 0}]
2017-05-23 23:07:21 	SERVER -> BMX : [3, "V7NeDL1MnbkaQcaHcYnvxOpCdcI4gpAV", {"transactionId":-1,"idTagInfo":{"status":"Invalid","expiryDate":"2017-05-23T11:07:21Z","parentIdTag":"-1"}}]
2017-05-23 23:07:22 	BMX -> SERVER : [2, "V7NeDL1MnbkaQcaHcYnvxOpCdcI4gpAV", "Authorize", {"idTag" : "1111"}]
2017-05-23 23:07:22 	SERVER -> BMX : [3, "V7NeDL1MnbkaQcaHcYnvxOpCdcI4gpAV", {"idTagInfo":{"status":"Invalid"}}]
2017-05-23 23:07:24 	BMX -> SERVER : [2, "V7NeDL1MnbkaQcaHcYnvxOpCdcI4gpAV", "HeartBeat", {}]
2017-05-23 23:07:24 	SERVER -> BMX : [3, "V7NeDL1MnbkaQcaHcYnvxOpCdcI4gpAV", {"currentTime":"2017-05-23T11:07:24Z"}]
2017-05-23 23:07:45 	BMX -> SERVER : [2, "V7NeDL1MnbkaQcaHcYnvxOpCdcI4gpAV", "Authorize", {"idTag" : "1111"}]
2017-05-23 23:07:45 	SERVER -> BMX : [3, "V7NeDL1MnbkaQcaHcYnvxOpCdcI4gpAV", {"idTagInfo":{"status":"Invalid"}}]
2017-05-23 23:07:47 	BMX -> SERVER : [2, "V7NeDL1MnbkaQcaHcYnvxOpCdcI4gpAV", "StartTransaction", {"idTag" : "1111", "connectorId" : 1, "timestamp": "2013-02-01T15:09:18Z", "meterStart": 0}]
2017-05-23 23:07:47 	SERVER -> BMX : [3, "V7NeDL1MnbkaQcaHcYnvxOpCdcI4gpAV", {"transactionId":-1,"idTagInfo":{"status":"Invalid","expiryDate":"2017-05-23T11:07:47Z","parentIdTag":"-1"}}]
2017-05-23 23:07:49 	BMX -> SERVER : [2, "V7NeDL1MnbkaQcaHcYnvxOpCdcI4gpAV", "MeterValues", {"connectorId": 1, "transactionId": , "values": [{"timestamp": "2013-03-07T16:52:16Z", "values": [{"value": "0", "unit": "Wh", "measurand": "Energy.Active.Import.Register"}, {"value": "0", "unit": "varh", "measurand": "Energy.Reactive.Import.Register"}]}, {"timestamp": "2013-03-07T19:52:16Z", "values": [{"value": "20", "unit": "Wh", "measurand": "Energy.Active.Import.Register"}, {"value": "20", "unit": "varh", "measurand": "Energy.Reactive.Import.Register"}]}]}]
2017-05-23 23:07:49 	SERVER -> BMX : [4,"V7NeDL1MnbkaQcaHcYnvxOpCdcI4gpAV","InternalError","An internal error occured and the receiver is not able to complete the operation.",{}]
2017-05-23 23:07:50 	BMX -> SERVER : [2, "V7NeDL1MnbkaQcaHcYnvxOpCdcI4gpAV", "Authorize", {"idTag" : "1111"}]
2017-05-23 23:07:50 	SERVER -> BMX : [3, "V7NeDL1MnbkaQcaHcYnvxOpCdcI4gpAV", {"idTagInfo":{"status":"Invalid"}}]
2017-05-23 23:07:52 	BMX -> SERVER : [2, "V7NeDL1MnbkaQcaHcYnvxOpCdcI4gpAV", "StartTransaction", {"idTag" : "1111", "connectorId" : 1, "timestamp": "2013-02-01T15:09:18Z", "meterStart": 0}]
2017-05-23 23:07:52 	SERVER -> BMX : [3, "V7NeDL1MnbkaQcaHcYnvxOpCdcI4gpAV", {"transactionId":-1,"idTagInfo":{"status":"Invalid","expiryDate":"2017-05-23T11:07:52Z","parentIdTag":"-1"}}]
2017-05-23 23:07:58 	BMX -> SERVER : [2, "V7NeDL1MnbkaQcaHcYnvxOpCdcI4gpAV", "MeterValues", {"connectorId": 1, "transactionId": , "values": [{"timestamp": "2013-03-07T16:52:16Z", "values": [{"value": "0", "unit": "Wh", "measurand": "Energy.Active.Import.Register"}, {"value": "0", "unit": "varh", "measurand": "Energy.Reactive.Import.Register"}]}, {"timestamp": "2013-03-07T19:52:16Z", "values": [{"value": "20", "unit": "Wh", "measurand": "Energy.Active.Import.Register"}, {"value": "20", "unit": "varh", "measurand": "Energy.Reactive.Import.Register"}]}]}]
2017-05-23 23:07:58 	SERVER -> BMX : [4,"V7NeDL1MnbkaQcaHcYnvxOpCdcI4gpAV","InternalError","An internal error occured and the receiver is not able to complete the operation.",{}]
2017-05-23 23:08:00 	BMX -> SERVER : [2, "V7NeDL1MnbkaQcaHcYnvxOpCdcI4gpAV", "StartTransaction", {"idTag" : "1111", "connectorId" : 1, "timestamp": "2013-02-01T15:09:18Z", "meterStart": 0}]
2017-05-23 23:08:00 	SERVER -> BMX : [3, "V7NeDL1MnbkaQcaHcYnvxOpCdcI4gpAV", {"transactionId":-1,"idTagInfo":{"status":"Invalid","expiryDate":"2017-05-23T11:08:00Z","parentIdTag":"-1"}}]
2017-05-23 23:08:05 	BMX -> SERVER : [2, "V7NeDL1MnbkaQcaHcYnvxOpCdcI4gpAV", "HeartBeat", {}]
2017-05-23 23:08:05 	SERVER -> BMX : [3, "V7NeDL1MnbkaQcaHcYnvxOpCdcI4gpAV", {"currentTime":"2017-05-23T11:08:05Z"}]
2017-05-23 23:08:11 	BMX -> SERVER : [2, "V7NeDL1MnbkaQcaHcYnvxOpCdcI4gpAV", "StopTransaction", {"transactionId": 23, "idTag": "1111",  "timestamp": "2013-02-01T15:09:18Z", "meterStop": 20, "transactionData": [{"values": [{"timestamp": "2013-03-07T16:52:16Z", "values": [{"value": "0", "unit": "Wh", "measurand": "Energy.Active.Import.Register"}, {"value": "0", "unit": "varh", "measurand": "Energy.Reactive.Import.Register" }]}]}, {"values": [{"timestamp": "2013-03-07T16:52:16Z", "values": [{"value": "0", "unit": "Wh", "measurand": "Energy.Active.Import.Register"}, {"value": "0", "unit": "varh", "measurand": "Energy.Reactive.Import.Register"}]}]}]}]
2017-05-23 23:08:11 	SERVER -> BMX : [3, "V7NeDL1MnbkaQcaHcYnvxOpCdcI4gpAV", {"idTagInfo":{"status":"Invalid","expiryDate":"2017-05-23T11:08:11Z","parentIdTag":"-1"}}]
2017-05-23 23:08:13 	BMX -> SERVER : [2, "V7NeDL1MnbkaQcaHcYnvxOpCdcI4gpAV", "MeterValues", {"connectorId": 1, "transactionId": 23, "values": [{"timestamp": "2013-03-07T16:52:16Z", "values": [{"value": "0", "unit": "Wh", "measurand": "Energy.Active.Import.Register"}, {"value": "0", "unit": "varh", "measurand": "Energy.Reactive.Import.Register"}]}, {"timestamp": "2013-03-07T19:52:16Z", "values": [{"value": "20", "unit": "Wh", "measurand": "Energy.Active.Import.Register"}, {"value": "20", "unit": "varh", "measurand": "Energy.Reactive.Import.Register"}]}]}]
2017-05-23 23:08:13 	SERVER -> BMX : [3, "V7NeDL1MnbkaQcaHcYnvxOpCdcI4gpAV", {}]
2017-05-23 23:08:23 	BMX -> SERVER : [2,"1","BootNotification", {"chargePointVendor":"Alfen BV","chargePointModel":"EVe-dual"}]
2017-05-23 23:08:23 	SERVER -> BMX : [3, "1", {"status":"Accepted","currentTime":"2017-05-23T11:08:23Z","heartbeatInterval":650}]
2017-05-23 23:08:26 	BMX -> SERVER : [2, "V7NeDL1MnbkaQcaHcYnvxOpCdcI4gpAV", "HeartBeat", {}]
2017-05-23 23:08:26 	SERVER -> BMX : [3, "V7NeDL1MnbkaQcaHcYnvxOpCdcI4gpAV", {"currentTime":"2017-05-23T11:08:26Z"}]
2017-05-23 23:08:28 	BMX -> SERVER : [2, "V7NeDL1MnbkaQcaHcYnvxOpCdcI4gpAV", "HeartBeat", {}]
2017-05-23 23:08:28 	SERVER -> BMX : [3, "V7NeDL1MnbkaQcaHcYnvxOpCdcI4gpAV", {"currentTime":"2017-05-23T11:08:28Z"}]
2017-05-23 23:08:30 	BMX -> SERVER : [2, "V7NeDL1MnbkaQcaHcYnvxOpCdcI4gpAV", "HeartBeat", {}]
2017-05-23 23:08:30 	SERVER -> BMX : [3, "V7NeDL1MnbkaQcaHcYnvxOpCdcI4gpAV", {"currentTime":"2017-05-23T11:08:30Z"}]
2017-05-23 23:08:35 	BMX -> SERVER : [2, "V7NeDL1MnbkaQcaHcYnvxOpCdcI4gpAV", "StartTransaction", {"idTag" : "1111", "connectorId" : 1, "timestamp": "2013-02-01T15:09:18Z", "meterStart": 0}]
2017-05-23 23:08:35 	SERVER -> BMX : [3, "V7NeDL1MnbkaQcaHcYnvxOpCdcI4gpAV", {"transactionId":-1,"idTagInfo":{"status":"Invalid","expiryDate":"2017-05-23T11:08:35Z","parentIdTag":"-1"}}]
2017-05-23 23:08:37 	BMX -> SERVER : [2, "V7NeDL1MnbkaQcaHcYnvxOpCdcI4gpAV", "StopTransaction", {"transactionId": 23, "idTag": "1111",  "timestamp": "2013-02-01T15:09:18Z", "meterStop": 20, "transactionData": [{"values": [{"timestamp": "2013-03-07T16:52:16Z", "values": [{"value": "0", "unit": "Wh", "measurand": "Energy.Active.Import.Register"}, {"value": "0", "unit": "varh", "measurand": "Energy.Reactive.Import.Register" }]}]}, {"values": [{"timestamp": "2013-03-07T16:52:16Z", "values": [{"value": "0", "unit": "Wh", "measurand": "Energy.Active.Import.Register"}, {"value": "0", "unit": "varh", "measurand": "Energy.Reactive.Import.Register"}]}]}]}]
2017-05-23 23:08:37 	SERVER -> BMX : [3, "V7NeDL1MnbkaQcaHcYnvxOpCdcI4gpAV", {"idTagInfo":{"status":"Invalid","expiryDate":"2017-05-23T11:08:37Z","parentIdTag":"-1"}}]
2017-05-23 23:08:39 	BMX -> SERVER : [2,"1","BootNotification", {"chargePointVendor":"Alfen BV","chargePointModel":"EVe-dual"}]
2017-05-23 23:08:39 	SERVER -> BMX : [3, "1", {"status":"Accepted","currentTime":"2017-05-23T11:08:39Z","heartbeatInterval":650}]
2017-05-23 23:08:40 	BMX -> SERVER : [2, "V7NeDL1MnbkaQcaHcYnvxOpCdcI4gpAV", "StopTransaction", {"transactionId": 23, "idTag": "1111",  "timestamp": "2013-02-01T15:09:18Z", "meterStop": 20, "transactionData": [{"values": [{"timestamp": "2013-03-07T16:52:16Z", "values": [{"value": "0", "unit": "Wh", "measurand": "Energy.Active.Import.Register"}, {"value": "0", "unit": "varh", "measurand": "Energy.Reactive.Import.Register" }]}]}, {"values": [{"timestamp": "2013-03-07T16:52:16Z", "values": [{"value": "0", "unit": "Wh", "measurand": "Energy.Active.Import.Register"}, {"value": "0", "unit": "varh", "measurand": "Energy.Reactive.Import.Register"}]}]}]}]
2017-05-23 23:08:40 	SERVER -> BMX : [3, "V7NeDL1MnbkaQcaHcYnvxOpCdcI4gpAV", {"idTagInfo":{"status":"Invalid","expiryDate":"2017-05-23T11:08:40Z","parentIdTag":"-1"}}]
2017-05-23 23:08:43 	BMX -> SERVER : [2, "V7NeDL1MnbkaQcaHcYnvxOpCdcI4gpAV", "StatusNotification", {"connectorId": 2, "status": "Available", "errorCode": "NoError", "info": "", "timestamp": "2013-02-01T15:09:18Z", "vendorId": "", "vendorErrorCode": "" }]
2017-05-23 23:08:43 	SERVER -> BMX : [3, "V7NeDL1MnbkaQcaHcYnvxOpCdcI4gpAV", {}]
2017-05-23 23:08:48 	BMX -> SERVER : [2, "V7NeDL1MnbkaQcaHcYnvxOpCdcI4gpAV", "Authorize", {"idTag" : "1111"}]
2017-05-23 23:08:48 	SERVER -> BMX : [3, "V7NeDL1MnbkaQcaHcYnvxOpCdcI4gpAV", {"idTagInfo":{"status":"Invalid"}}]
2017-05-23 23:08:49 	BMX -> SERVER : [2, "V7NeDL1MnbkaQcaHcYnvxOpCdcI4gpAV", "MeterValues", {"connectorId": 1, "transactionId": 23, "values": [{"timestamp": "2013-03-07T16:52:16Z", "values": [{"value": "0", "unit": "Wh", "measurand": "Energy.Active.Import.Register"}, {"value": "0", "unit": "varh", "measurand": "Energy.Reactive.Import.Register"}]}, {"timestamp": "2013-03-07T19:52:16Z", "values": [{"value": "20", "unit": "Wh", "measurand": "Energy.Active.Import.Register"}, {"value": "20", "unit": "varh", "measurand": "Energy.Reactive.Import.Register"}]}]}]
2017-05-23 23:08:49 	SERVER -> BMX : [3, "V7NeDL1MnbkaQcaHcYnvxOpCdcI4gpAV", {}]
2017-05-23 23:08:57 	BMX -> SERVER : [2, "V7NeDL1MnbkaQcaHcYnvxOpCdcI4gpAV", "StopTransaction", {"transactionId": 23, "idTag": "1111",  "timestamp": "2013-02-01T15:09:18Z", "meterStop": 20, "transactionData": [{"values": [{"timestamp": "2013-03-07T16:52:16Z", "values": [{"value": "0", "unit": "Wh", "measurand": "Energy.Active.Import.Register"}, {"value": "0", "unit": "varh", "measurand": "Energy.Reactive.Import.Register" }]}]}, {"values": [{"timestamp": "2013-03-07T16:52:16Z", "values": [{"value": "0", "unit": "Wh", "measurand": "Energy.Active.Import.Register"}, {"value": "0", "unit": "varh", "measurand": "Energy.Reactive.Import.Register"}]}]}]}]
2017-05-23 23:08:57 	SERVER -> BMX : [3, "V7NeDL1MnbkaQcaHcYnvxOpCdcI4gpAV", {"idTagInfo":{"status":"Invalid","expiryDate":"2017-05-23T11:08:57Z","parentIdTag":"-1"}}]
2017-05-23 23:08:58 	BMX -> SERVER : [2, "V7NeDL1MnbkaQcaHcYnvxOpCdcI4gpAV", "Authorize", {"idTag" : "1111"}]
2017-05-23 23:08:58 	SERVER -> BMX : [3, "V7NeDL1MnbkaQcaHcYnvxOpCdcI4gpAV", {"idTagInfo":{"status":"Invalid"}}]
2017-05-23 23:09:00 	BMX -> SERVER : [2,"1","BootNotification", {"chargePointVendor":"Alfen BV","chargePointModel":"EVe-dual"}]
2017-05-23 23:09:00 	SERVER -> BMX : [3, "1", {"status":"Accepted","currentTime":"2017-05-23T11:09:00Z","heartbeatInterval":650}]
2017-05-23 23:09:01 	BMX -> SERVER : [2, "V7NeDL1MnbkaQcaHcYnvxOpCdcI4gpAV", "Authorize", {"idTag" : "1111"}]
2017-05-23 23:09:01 	SERVER -> BMX : [3, "V7NeDL1MnbkaQcaHcYnvxOpCdcI4gpAV", {"idTagInfo":{"status":"Invalid"}}]
2017-05-23 23:09:03 	BMX -> SERVER : [2, "V7NeDL1MnbkaQcaHcYnvxOpCdcI4gpAV", "StopTransaction", {"transactionId": 23, "idTag": "1111",  "timestamp": "2013-02-01T15:09:18Z", "meterStop": 20, "transactionData": [{"values": [{"timestamp": "2013-03-07T16:52:16Z", "values": [{"value": "0", "unit": "Wh", "measurand": "Energy.Active.Import.Register"}, {"value": "0", "unit": "varh", "measurand": "Energy.Reactive.Import.Register" }]}]}, {"values": [{"timestamp": "2013-03-07T16:52:16Z", "values": [{"value": "0", "unit": "Wh", "measurand": "Energy.Active.Import.Register"}, {"value": "0", "unit": "varh", "measurand": "Energy.Reactive.Import.Register"}]}]}]}]
2017-05-23 23:09:03 	SERVER -> BMX : [3, "V7NeDL1MnbkaQcaHcYnvxOpCdcI4gpAV", {"idTagInfo":{"status":"Invalid","expiryDate":"2017-05-23T11:09:03Z","parentIdTag":"-1"}}]
2017-05-23 23:09:04 	BMX -> SERVER : [2,"1","BootNotification", {"chargePointVendor":"Alfen BV","chargePointModel":"EVe-dual"}]
2017-05-23 23:09:04 	SERVER -> BMX : [3, "1", {"status":"Accepted","currentTime":"2017-05-23T11:09:04Z","heartbeatInterval":650}]
2017-05-23 23:09:06 	BMX -> SERVER : [2, "V7NeDL1MnbkaQcaHcYnvxOpCdcI4gpAV", "StopTransaction", {"transactionId": 23, "idTag": "1111",  "timestamp": "2013-02-01T15:09:18Z", "meterStop": 20, "transactionData": [{"values": [{"timestamp": "2013-03-07T16:52:16Z", "values": [{"value": "0", "unit": "Wh", "measurand": "Energy.Active.Import.Register"}, {"value": "0", "unit": "varh", "measurand": "Energy.Reactive.Import.Register" }]}]}, {"values": [{"timestamp": "2013-03-07T16:52:16Z", "values": [{"value": "0", "unit": "Wh", "measurand": "Energy.Active.Import.Register"}, {"value": "0", "unit": "varh", "measurand": "Energy.Reactive.Import.Register"}]}]}]}]
2017-05-23 23:09:06 	SERVER -> BMX : [3, "V7NeDL1MnbkaQcaHcYnvxOpCdcI4gpAV", {"idTagInfo":{"status":"Invalid","expiryDate":"2017-05-23T11:09:06Z","parentIdTag":"-1"}}]
2017-05-23 23:09:11 	BMX -> SERVER : [2, "V7NeDL1MnbkaQcaHcYnvxOpCdcI4gpAV", "StartTransaction", {"idTag" : "1111", "connectorId" : 1, "timestamp": "2013-02-01T15:09:18Z", "meterStart": 0}]
2017-05-23 23:09:11 	SERVER -> BMX : [3, "V7NeDL1MnbkaQcaHcYnvxOpCdcI4gpAV", {"transactionId":-1,"idTagInfo":{"status":"Invalid","expiryDate":"2017-05-23T11:09:11Z","parentIdTag":"-1"}}]
2017-05-23 23:09:13 	BMX -> SERVER : [2, "V7NeDL1MnbkaQcaHcYnvxOpCdcI4gpAV", "StartTransaction", {"idTag" : "1111", "connectorId" : 1, "timestamp": "2013-02-01T15:09:18Z", "meterStart": 0}]
2017-05-23 23:09:13 	SERVER -> BMX : [3, "V7NeDL1MnbkaQcaHcYnvxOpCdcI4gpAV", {"transactionId":-1,"idTagInfo":{"status":"Invalid","expiryDate":"2017-05-23T11:09:13Z","parentIdTag":"-1"}}]
2017-05-23 23:09:16 	BMX -> SERVER : [2,"1","BootNotification", {"chargePointVendor":"Alfen BV","chargePointModel":"EVe-dual"}]
2017-05-23 23:09:16 	SERVER -> BMX : [3, "1", {"status":"Accepted","currentTime":"2017-05-23T11:09:16Z","heartbeatInterval":650}]
2017-05-23 23:09:17 	BMX -> SERVER : [2, "V7NeDL1MnbkaQcaHcYnvxOpCdcI4gpAV", "MeterValues", {"connectorId": 1, "transactionId": 23, "values": [{"timestamp": "2013-03-07T16:52:16Z", "values": [{"value": "0", "unit": "Wh", "measurand": "Energy.Active.Import.Register"}, {"value": "0", "unit": "varh", "measurand": "Energy.Reactive.Import.Register"}]}, {"timestamp": "2013-03-07T19:52:16Z", "values": [{"value": "20", "unit": "Wh", "measurand": "Energy.Active.Import.Register"}, {"value": "20", "unit": "varh", "measurand": "Energy.Reactive.Import.Register"}]}]}]
2017-05-23 23:09:17 	SERVER -> BMX : [3, "V7NeDL1MnbkaQcaHcYnvxOpCdcI4gpAV", {}]
2017-05-23 23:09:18 	BMX -> SERVER : [2,"1","BootNotification", {"chargePointVendor":"Alfen BV","chargePointModel":"EVe-dual"}]
2017-05-23 23:09:18 	SERVER -> BMX : [3, "1", {"status":"Accepted","currentTime":"2017-05-23T11:09:18Z","heartbeatInterval":650}]
2017-05-23 23:09:19 	BMX -> SERVER : [2, "V7NeDL1MnbkaQcaHcYnvxOpCdcI4gpAV", "StatusNotification", {"connectorId": 2, "status": "Available", "errorCode": "NoError", "info": "", "timestamp": "2013-02-01T15:09:18Z", "vendorId": "", "vendorErrorCode": "" }]
2017-05-23 23:09:19 	SERVER -> BMX : [3, "V7NeDL1MnbkaQcaHcYnvxOpCdcI4gpAV", {}]
2017-05-23 23:09:19 	BMX -> SERVER : [2, "V7NeDL1MnbkaQcaHcYnvxOpCdcI4gpAV", "StopTransaction", {"transactionId": 23, "idTag": "1111",  "timestamp": "2013-02-01T15:09:18Z", "meterStop": 20, "transactionData": [{"values": [{"timestamp": "2013-03-07T16:52:16Z", "values": [{"value": "0", "unit": "Wh", "measurand": "Energy.Active.Import.Register"}, {"value": "0", "unit": "varh", "measurand": "Energy.Reactive.Import.Register" }]}]}, {"values": [{"timestamp": "2013-03-07T16:52:16Z", "values": [{"value": "0", "unit": "Wh", "measurand": "Energy.Active.Import.Register"}, {"value": "0", "unit": "varh", "measurand": "Energy.Reactive.Import.Register"}]}]}]}]
2017-05-23 23:09:19 	SERVER -> BMX : [3, "V7NeDL1MnbkaQcaHcYnvxOpCdcI4gpAV", {"idTagInfo":{"status":"Invalid","expiryDate":"2017-05-23T11:09:19Z","parentIdTag":"-1"}}]
2017-05-23 23:09:19 	BMX -> SERVER : [2, "V7NeDL1MnbkaQcaHcYnvxOpCdcI4gpAV", "StopTransaction", {"transactionId": 23, "idTag": "1111",  "timestamp": "2013-02-01T15:09:18Z", "meterStop": 20, "transactionData": [{"values": [{"timestamp": "2013-03-07T16:52:16Z", "values": [{"value": "0", "unit": "Wh", "measurand": "Energy.Active.Import.Register"}, {"value": "0", "unit": "varh", "measurand": "Energy.Reactive.Import.Register" }]}]}, {"values": [{"timestamp": "2013-03-07T16:52:16Z", "values": [{"value": "0", "unit": "Wh", "measurand": "Energy.Active.Import.Register"}, {"value": "0", "unit": "varh", "measurand": "Energy.Reactive.Import.Register"}]}]}]}]
2017-05-23 23:09:19 	SERVER -> BMX : [3, "V7NeDL1MnbkaQcaHcYnvxOpCdcI4gpAV", {"idTagInfo":{"status":"Invalid","expiryDate":"2017-05-23T11:09:19Z","parentIdTag":"-1"}}]
2017-05-23 23:09:20 	BMX -> SERVER : [2, "V7NeDL1MnbkaQcaHcYnvxOpCdcI4gpAV", "HeartBeat", {}]
2017-05-23 23:09:20 	SERVER -> BMX : [3, "V7NeDL1MnbkaQcaHcYnvxOpCdcI4gpAV", {"currentTime":"2017-05-23T11:09:20Z"}]
2017-05-23 23:10:17 	BMX -> SERVER : [2,"1","BootNotification", {"chargePointVendor":"Alfen BV","chargePointModel":"EVe-dual"}]
2017-05-23 23:10:17 	SERVER -> BMX : [3, "1", {"status":"Accepted","currentTime":"2017-05-23T11:10:17Z","heartbeatInterval":650}]
2017-05-23 23:10:17 	BMX -> SERVER : [2, "V7NeDL1MnbkaQcaHcYnvxOpCdcI4gpAV", "HeartBeat", {}]
2017-05-23 23:10:17 	SERVER -> BMX : [3, "V7NeDL1MnbkaQcaHcYnvxOpCdcI4gpAV", {"currentTime":"2017-05-23T11:10:17Z"}]
2017-05-23 23:10:31 	BMX -> SERVER : [2, "V7NeDL1MnbkaQcaHcYnvxOpCdcI4gpAV", "Authorize", {"idTag" : "1111"}]
2017-05-23 23:10:31 	SERVER -> BMX : [3, "V7NeDL1MnbkaQcaHcYnvxOpCdcI4gpAV", {"idTagInfo":{"status":"Invalid"}}]
2017-05-23 23:10:31 	BMX -> SERVER : [2, "V7NeDL1MnbkaQcaHcYnvxOpCdcI4gpAV", "StopTransaction", {"transactionId": 23, "idTag": "1111",  "timestamp": "2013-02-01T15:09:18Z", "meterStop": 20, "transactionData": [{"values": [{"timestamp": "2013-03-07T16:52:16Z", "values": [{"value": "0", "unit": "Wh", "measurand": "Energy.Active.Import.Register"}, {"value": "0", "unit": "varh", "measurand": "Energy.Reactive.Import.Register" }]}]}, {"values": [{"timestamp": "2013-03-07T16:52:16Z", "values": [{"value": "0", "unit": "Wh", "measurand": "Energy.Active.Import.Register"}, {"value": "0", "unit": "varh", "measurand": "Energy.Reactive.Import.Register"}]}]}]}]
2017-05-23 23:10:31 	SERVER -> BMX : [3, "V7NeDL1MnbkaQcaHcYnvxOpCdcI4gpAV", {"idTagInfo":{"status":"Invalid","expiryDate":"2017-05-23T11:10:31Z","parentIdTag":"-1"}}]
2017-05-23 23:10:37 	BMX -> SERVER : [2, "V7NeDL1MnbkaQcaHcYnvxOpCdcI4gpAV", "MeterValues", {"connectorId": 1, "transactionId": 23, "values": [{"timestamp": "2013-03-07T16:52:16Z", "values": [{"value": "0", "unit": "Wh", "measurand": "Energy.Active.Import.Register"}, {"value": "0", "unit": "varh", "measurand": "Energy.Reactive.Import.Register"}]}, {"timestamp": "2013-03-07T19:52:16Z", "values": [{"value": "20", "unit": "Wh", "measurand": "Energy.Active.Import.Register"}, {"value": "20", "unit": "varh", "measurand": "Energy.Reactive.Import.Register"}]}]}]
2017-05-23 23:10:37 	SERVER -> BMX : [3, "V7NeDL1MnbkaQcaHcYnvxOpCdcI4gpAV", {}]
2017-05-23 23:10:38 	BMX -> SERVER : [2, "V7NeDL1MnbkaQcaHcYnvxOpCdcI4gpAV", "StartTransaction", {"idTag" : "1111", "connectorId" : 1, "timestamp": "2013-02-01T15:09:18Z", "meterStart": 0}]
2017-05-23 23:10:38 	SERVER -> BMX : [3, "V7NeDL1MnbkaQcaHcYnvxOpCdcI4gpAV", {"transactionId":-1,"idTagInfo":{"status":"Invalid","expiryDate":"2017-05-23T11:10:38Z","parentIdTag":"-1"}}]
2017-05-23 23:10:43 	BMX -> SERVER : [2, "V7NeDL1MnbkaQcaHcYnvxOpCdcI4gpAV", "StartTransaction", {"idTag" : "1111", "connectorId" : 1, "timestamp": "2013-02-01T15:09:18Z", "meterStart": 0}]
2017-05-23 23:10:43 	SERVER -> BMX : [3, "V7NeDL1MnbkaQcaHcYnvxOpCdcI4gpAV", {"transactionId":-1,"idTagInfo":{"status":"Invalid","expiryDate":"2017-05-23T11:10:43Z","parentIdTag":"-1"}}]
2017-05-23 23:10:45 	BMX -> SERVER : [2, "V7NeDL1MnbkaQcaHcYnvxOpCdcI4gpAV", "Authorize", {"idTag" : "1111"}]
2017-05-23 23:10:45 	SERVER -> BMX : [3, "V7NeDL1MnbkaQcaHcYnvxOpCdcI4gpAV", {"idTagInfo":{"status":"Invalid"}}]
2017-05-23 23:10:45 	BMX -> SERVER : [2, "V7NeDL1MnbkaQcaHcYnvxOpCdcI4gpAV", "HeartBeat", {}]
2017-05-23 23:10:45 	SERVER -> BMX : [3, "V7NeDL1MnbkaQcaHcYnvxOpCdcI4gpAV", {"currentTime":"2017-05-23T11:10:45Z"}]
2017-05-23 23:10:52 	BMX -> SERVER : [2, "V7NeDL1MnbkaQcaHcYnvxOpCdcI4gpAV", "MeterValues", {"connectorId": 1, "transactionId": 23, "values": [{"timestamp": "2013-03-07T16:52:16Z", "values": [{"value": "0", "unit": "Wh", "measurand": "Energy.Active.Import.Register"}, {"value": "0", "unit": "varh", "measurand": "Energy.Reactive.Import.Register"}]}, {"timestamp": "2013-03-07T19:52:16Z", "values": [{"value": "20", "unit": "Wh", "measurand": "Energy.Active.Import.Register"}, {"value": "20", "unit": "varh", "measurand": "Energy.Reactive.Import.Register"}]}]}]
2017-05-23 23:10:52 	SERVER -> BMX : [3, "V7NeDL1MnbkaQcaHcYnvxOpCdcI4gpAV", {}]
2017-05-23 23:10:53 	BMX -> SERVER : [2, "V7NeDL1MnbkaQcaHcYnvxOpCdcI4gpAV", "MeterValues", {"connectorId": 1, "transactionId": 23, "values": [{"timestamp": "2013-03-07T16:52:16Z", "values": [{"value": "0", "unit": "Wh", "measurand": "Energy.Active.Import.Register"}, {"value": "0", "unit": "varh", "measurand": "Energy.Reactive.Import.Register"}]}, {"timestamp": "2013-03-07T19:52:16Z", "values": [{"value": "20", "unit": "Wh", "measurand": "Energy.Active.Import.Register"}, {"value": "20", "unit": "varh", "measurand": "Energy.Reactive.Import.Register"}]}]}]
2017-05-23 23:10:53 	SERVER -> BMX : [3, "V7NeDL1MnbkaQcaHcYnvxOpCdcI4gpAV", {}]
2017-05-23 23:10:55 	BMX -> SERVER : [2, "V7NeDL1MnbkaQcaHcYnvxOpCdcI4gpAV", "StopTransaction", {"transactionId": 23, "idTag": "1111",  "timestamp": "2013-02-01T15:09:18Z", "meterStop": 20, "transactionData": [{"values": [{"timestamp": "2013-03-07T16:52:16Z", "values": [{"value": "0", "unit": "Wh", "measurand": "Energy.Active.Import.Register"}, {"value": "0", "unit": "varh", "measurand": "Energy.Reactive.Import.Register" }]}]}, {"values": [{"timestamp": "2013-03-07T16:52:16Z", "values": [{"value": "0", "unit": "Wh", "measurand": "Energy.Active.Import.Register"}, {"value": "0", "unit": "varh", "measurand": "Energy.Reactive.Import.Register"}]}]}]}]
2017-05-23 23:10:55 	SERVER -> BMX : [3, "V7NeDL1MnbkaQcaHcYnvxOpCdcI4gpAV", {"idTagInfo":{"status":"Invalid","expiryDate":"2017-05-23T11:10:55Z","parentIdTag":"-1"}}]
2017-05-23 23:10:55 	BMX -> SERVER : [2, "V7NeDL1MnbkaQcaHcYnvxOpCdcI4gpAV", "MeterValues", {"connectorId": 1, "transactionId": 23, "values": [{"timestamp": "2013-03-07T16:52:16Z", "values": [{"value": "0", "unit": "Wh", "measurand": "Energy.Active.Import.Register"}, {"value": "0", "unit": "varh", "measurand": "Energy.Reactive.Import.Register"}]}, {"timestamp": "2013-03-07T19:52:16Z", "values": [{"value": "20", "unit": "Wh", "measurand": "Energy.Active.Import.Register"}, {"value": "20", "unit": "varh", "measurand": "Energy.Reactive.Import.Register"}]}]}]
2017-05-23 23:10:56 	SERVER -> BMX : [3, "V7NeDL1MnbkaQcaHcYnvxOpCdcI4gpAV", {}]
2017-05-23 23:11:03 	BMX -> SERVER : [2, "V7NeDL1MnbkaQcaHcYnvxOpCdcI4gpAV", "StopTransaction", {"transactionId": 23, "idTag": "1111",  "timestamp": "2013-02-01T15:09:18Z", "meterStop": 20, "transactionData": [{"values": [{"timestamp": "2013-03-07T16:52:16Z", "values": [{"value": "0", "unit": "Wh", "measurand": "Energy.Active.Import.Register"}, {"value": "0", "unit": "varh", "measurand": "Energy.Reactive.Import.Register" }]}]}, {"values": [{"timestamp": "2013-03-07T16:52:16Z", "values": [{"value": "0", "unit": "Wh", "measurand": "Energy.Active.Import.Register"}, {"value": "0", "unit": "varh", "measurand": "Energy.Reactive.Import.Register"}]}]}]}]
2017-05-23 23:11:03 	SERVER -> BMX : [3, "V7NeDL1MnbkaQcaHcYnvxOpCdcI4gpAV", {"idTagInfo":{"status":"Invalid","expiryDate":"2017-05-23T11:11:03Z","parentIdTag":"-1"}}]
2017-05-23 23:11:05 	BMX -> SERVER : [2, "V7NeDL1MnbkaQcaHcYnvxOpCdcI4gpAV", "StartTransaction", {"idTag" : "1111", "connectorId" : 1, "timestamp": "2013-02-01T15:09:18Z", "meterStart": 0}]
2017-05-23 23:11:05 	SERVER -> BMX : [3, "V7NeDL1MnbkaQcaHcYnvxOpCdcI4gpAV", {"transactionId":-1,"idTagInfo":{"status":"Invalid","expiryDate":"2017-05-23T11:11:05Z","parentIdTag":"-1"}}]
2017-05-23 23:11:10 	BMX -> SERVER : [2, "V7NeDL1MnbkaQcaHcYnvxOpCdcI4gpAV", "HeartBeat", {}]
2017-05-23 23:11:10 	SERVER -> BMX : [3, "V7NeDL1MnbkaQcaHcYnvxOpCdcI4gpAV", {"currentTime":"2017-05-23T11:11:10Z"}]
2017-05-23 23:11:11 	BMX -> SERVER : [2, "V7NeDL1MnbkaQcaHcYnvxOpCdcI4gpAV", "HeartBeat", {}]
2017-05-23 23:11:11 	SERVER -> BMX : [3, "V7NeDL1MnbkaQcaHcYnvxOpCdcI4gpAV", {"currentTime":"2017-05-23T11:11:11Z"}]
2017-05-23 23:11:12 	BMX -> SERVER : [2, "V7NeDL1MnbkaQcaHcYnvxOpCdcI4gpAV", "MeterValues", {"connectorId": 1, "transactionId": 23, "values": [{"timestamp": "2013-03-07T16:52:16Z", "values": [{"value": "0", "unit": "Wh", "measurand": "Energy.Active.Import.Register"}, {"value": "0", "unit": "varh", "measurand": "Energy.Reactive.Import.Register"}]}, {"timestamp": "2013-03-07T19:52:16Z", "values": [{"value": "20", "unit": "Wh", "measurand": "Energy.Active.Import.Register"}, {"value": "20", "unit": "varh", "measurand": "Energy.Reactive.Import.Register"}]}]}]
2017-05-23 23:11:12 	SERVER -> BMX : [3, "V7NeDL1MnbkaQcaHcYnvxOpCdcI4gpAV", {}]
2017-05-23 23:11:14 	BMX -> SERVER : [2, "V7NeDL1MnbkaQcaHcYnvxOpCdcI4gpAV", "Authorize", {"idTag" : "1111"}]
2017-05-23 23:11:14 	SERVER -> BMX : [3, "V7NeDL1MnbkaQcaHcYnvxOpCdcI4gpAV", {"idTagInfo":{"status":"Invalid"}}]
2017-05-23 23:11:15 	BMX -> SERVER : [2, "V7NeDL1MnbkaQcaHcYnvxOpCdcI4gpAV", "MeterValues", {"connectorId": 1, "transactionId": 23, "values": [{"timestamp": "2013-03-07T16:52:16Z", "values": [{"value": "0", "unit": "Wh", "measurand": "Energy.Active.Import.Register"}, {"value": "0", "unit": "varh", "measurand": "Energy.Reactive.Import.Register"}]}, {"timestamp": "2013-03-07T19:52:16Z", "values": [{"value": "20", "unit": "Wh", "measurand": "Energy.Active.Import.Register"}, {"value": "20", "unit": "varh", "measurand": "Energy.Reactive.Import.Register"}]}]}]
2017-05-23 23:11:15 	SERVER -> BMX : [3, "V7NeDL1MnbkaQcaHcYnvxOpCdcI4gpAV", {}]
2017-05-23 23:11:20 	BMX -> SERVER : [2, "V7NeDL1MnbkaQcaHcYnvxOpCdcI4gpAV", "StopTransaction", {"transactionId": 23, "idTag": "1111",  "timestamp": "2013-02-01T15:09:18Z", "meterStop": 20, "transactionData": [{"values": [{"timestamp": "2013-03-07T16:52:16Z", "values": [{"value": "0", "unit": "Wh", "measurand": "Energy.Active.Import.Register"}, {"value": "0", "unit": "varh", "measurand": "Energy.Reactive.Import.Register" }]}]}, {"values": [{"timestamp": "2013-03-07T16:52:16Z", "values": [{"value": "0", "unit": "Wh", "measurand": "Energy.Active.Import.Register"}, {"value": "0", "unit": "varh", "measurand": "Energy.Reactive.Import.Register"}]}]}]}]
2017-05-23 23:11:20 	SERVER -> BMX : [3, "V7NeDL1MnbkaQcaHcYnvxOpCdcI4gpAV", {"idTagInfo":{"status":"Invalid","expiryDate":"2017-05-23T11:11:20Z","parentIdTag":"-1"}}]
2017-05-23 23:11:21 	BMX -> SERVER : [2, "V7NeDL1MnbkaQcaHcYnvxOpCdcI4gpAV", "Authorize", {"idTag" : "1111"}]
2017-05-23 23:11:21 	SERVER -> BMX : [3, "V7NeDL1MnbkaQcaHcYnvxOpCdcI4gpAV", {"idTagInfo":{"status":"Invalid"}}]
2017-05-23 23:11:28 	BMX -> SERVER : [2, "V7NeDL1MnbkaQcaHcYnvxOpCdcI4gpAV", "StartTransaction", {"idTag" : "1111", "connectorId" : 1, "timestamp": "2013-02-01T15:09:18Z", "meterStart": 0}]
2017-05-23 23:11:28 	SERVER -> BMX : [3, "V7NeDL1MnbkaQcaHcYnvxOpCdcI4gpAV", {"transactionId":-1,"idTagInfo":{"status":"Invalid","expiryDate":"2017-05-23T11:11:28Z","parentIdTag":"-1"}}]
2017-05-23 23:11:29 	BMX -> SERVER : [2, "V7NeDL1MnbkaQcaHcYnvxOpCdcI4gpAV", "StopTransaction", {"transactionId": 23, "idTag": "1111",  "timestamp": "2013-02-01T15:09:18Z", "meterStop": 20, "transactionData": [{"values": [{"timestamp": "2013-03-07T16:52:16Z", "values": [{"value": "0", "unit": "Wh", "measurand": "Energy.Active.Import.Register"}, {"value": "0", "unit": "varh", "measurand": "Energy.Reactive.Import.Register" }]}]}, {"values": [{"timestamp": "2013-03-07T16:52:16Z", "values": [{"value": "0", "unit": "Wh", "measurand": "Energy.Active.Import.Register"}, {"value": "0", "unit": "varh", "measurand": "Energy.Reactive.Import.Register"}]}]}]}]
2017-05-23 23:11:29 	SERVER -> BMX : [3, "V7NeDL1MnbkaQcaHcYnvxOpCdcI4gpAV", {"idTagInfo":{"status":"Invalid","expiryDate":"2017-05-23T11:11:29Z","parentIdTag":"-1"}}]
2017-05-23 23:11:33 	BMX -> SERVER : [2, "V7NeDL1MnbkaQcaHcYnvxOpCdcI4gpAV", "Authorize", {"idTag" : "1111"}]
2017-05-23 23:11:33 	SERVER -> BMX : [3, "V7NeDL1MnbkaQcaHcYnvxOpCdcI4gpAV", {"idTagInfo":{"status":"Invalid"}}]
2017-05-23 23:11:33 	BMX -> SERVER : [2, "V7NeDL1MnbkaQcaHcYnvxOpCdcI4gpAV", "MeterValues", {"connectorId": 1, "transactionId": 23, "values": [{"timestamp": "2013-03-07T16:52:16Z", "values": [{"value": "0", "unit": "Wh", "measurand": "Energy.Active.Import.Register"}, {"value": "0", "unit": "varh", "measurand": "Energy.Reactive.Import.Register"}]}, {"timestamp": "2013-03-07T19:52:16Z", "values": [{"value": "20", "unit": "Wh", "measurand": "Energy.Active.Import.Register"}, {"value": "20", "unit": "varh", "measurand": "Energy.Reactive.Import.Register"}]}]}]
2017-05-23 23:11:34 	SERVER -> BMX : [3, "V7NeDL1MnbkaQcaHcYnvxOpCdcI4gpAV", {}]
2017-05-23 23:11:34 	BMX -> SERVER : [2, "V7NeDL1MnbkaQcaHcYnvxOpCdcI4gpAV", "StatusNotification", {"connectorId": 2, "status": "Available", "errorCode": "NoError", "info": "", "timestamp": "2013-02-01T15:09:18Z", "vendorId": "", "vendorErrorCode": "" }]
2017-05-23 23:11:34 	SERVER -> BMX : [3, "V7NeDL1MnbkaQcaHcYnvxOpCdcI4gpAV", {}]
2017-05-23 23:11:39 	BMX -> SERVER : [2, "V7NeDL1MnbkaQcaHcYnvxOpCdcI4gpAV", "StopTransaction", {"transactionId": 23, "idTag": "1111",  "timestamp": "2013-02-01T15:09:18Z", "meterStop": 20, "transactionData": [{"values": [{"timestamp": "2013-03-07T16:52:16Z", "values": [{"value": "0", "unit": "Wh", "measurand": "Energy.Active.Import.Register"}, {"value": "0", "unit": "varh", "measurand": "Energy.Reactive.Import.Register" }]}]}, {"values": [{"timestamp": "2013-03-07T16:52:16Z", "values": [{"value": "0", "unit": "Wh", "measurand": "Energy.Active.Import.Register"}, {"value": "0", "unit": "varh", "measurand": "Energy.Reactive.Import.Register"}]}]}]}]
2017-05-23 23:11:39 	SERVER -> BMX : [3, "V7NeDL1MnbkaQcaHcYnvxOpCdcI4gpAV", {"idTagInfo":{"status":"Invalid","expiryDate":"2017-05-23T11:11:39Z","parentIdTag":"-1"}}]
2017-05-23 23:11:40 	BMX -> SERVER : [2, "V7NeDL1MnbkaQcaHcYnvxOpCdcI4gpAV", "StartTransaction", {"idTag" : "1111", "connectorId" : 1, "timestamp": "2013-02-01T15:09:18Z", "meterStart": 0}]
2017-05-23 23:11:40 	SERVER -> BMX : [3, "V7NeDL1MnbkaQcaHcYnvxOpCdcI4gpAV", {"transactionId":-1,"idTagInfo":{"status":"Invalid","expiryDate":"2017-05-23T11:11:40Z","parentIdTag":"-1"}}]
2017-05-23 23:11:40 	BMX -> SERVER : [2, "V7NeDL1MnbkaQcaHcYnvxOpCdcI4gpAV", "StartTransaction", {"idTag" : "1111", "connectorId" : 1, "timestamp": "2013-02-01T15:09:18Z", "meterStart": 0}]
2017-05-23 23:11:40 	SERVER -> BMX : [3, "V7NeDL1MnbkaQcaHcYnvxOpCdcI4gpAV", {"transactionId":-1,"idTagInfo":{"status":"Invalid","expiryDate":"2017-05-23T11:11:40Z","parentIdTag":"-1"}}]
2017-05-23 23:11:43 	BMX -> SERVER : [2, "V7NeDL1MnbkaQcaHcYnvxOpCdcI4gpAV", "MeterValues", {"connectorId": 1, "transactionId": 23, "values": [{"timestamp": "2013-03-07T16:52:16Z", "values": [{"value": "0", "unit": "Wh", "measurand": "Energy.Active.Import.Register"}, {"value": "0", "unit": "varh", "measurand": "Energy.Reactive.Import.Register"}]}, {"timestamp": "2013-03-07T19:52:16Z", "values": [{"value": "20", "unit": "Wh", "measurand": "Energy.Active.Import.Register"}, {"value": "20", "unit": "varh", "measurand": "Energy.Reactive.Import.Register"}]}]}]
2017-05-23 23:11:43 	SERVER -> BMX : [3, "V7NeDL1MnbkaQcaHcYnvxOpCdcI4gpAV", {}]
2017-05-23 23:11:44 	BMX -> SERVER : [2, "V7NeDL1MnbkaQcaHcYnvxOpCdcI4gpAV", "HeartBeat", {}]
2017-05-23 23:11:44 	SERVER -> BMX : [3, "V7NeDL1MnbkaQcaHcYnvxOpCdcI4gpAV", {"currentTime":"2017-05-23T11:11:44Z"}]
2017-05-23 23:11:45 	BMX -> SERVER : [2, "V7NeDL1MnbkaQcaHcYnvxOpCdcI4gpAV", "StopTransaction", {"transactionId": 23, "idTag": "1111",  "timestamp": "2013-02-01T15:09:18Z", "meterStop": 20, "transactionData": [{"values": [{"timestamp": "2013-03-07T16:52:16Z", "values": [{"value": "0", "unit": "Wh", "measurand": "Energy.Active.Import.Register"}, {"value": "0", "unit": "varh", "measurand": "Energy.Reactive.Import.Register" }]}]}, {"values": [{"timestamp": "2013-03-07T16:52:16Z", "values": [{"value": "0", "unit": "Wh", "measurand": "Energy.Active.Import.Register"}, {"value": "0", "unit": "varh", "measurand": "Energy.Reactive.Import.Register"}]}]}]}]
2017-05-23 23:11:45 	SERVER -> BMX : [3, "V7NeDL1MnbkaQcaHcYnvxOpCdcI4gpAV", {"idTagInfo":{"status":"Invalid","expiryDate":"2017-05-23T11:11:45Z","parentIdTag":"-1"}}]
2017-05-23 23:11:46 	BMX -> SERVER : [2, "V7NeDL1MnbkaQcaHcYnvxOpCdcI4gpAV", "StopTransaction", {"transactionId": 23, "idTag": "1111",  "timestamp": "2013-02-01T15:09:18Z", "meterStop": 20, "transactionData": [{"values": [{"timestamp": "2013-03-07T16:52:16Z", "values": [{"value": "0", "unit": "Wh", "measurand": "Energy.Active.Import.Register"}, {"value": "0", "unit": "varh", "measurand": "Energy.Reactive.Import.Register" }]}]}, {"values": [{"timestamp": "2013-03-07T16:52:16Z", "values": [{"value": "0", "unit": "Wh", "measurand": "Energy.Active.Import.Register"}, {"value": "0", "unit": "varh", "measurand": "Energy.Reactive.Import.Register"}]}]}]}]
2017-05-23 23:11:46 	SERVER -> BMX : [3, "V7NeDL1MnbkaQcaHcYnvxOpCdcI4gpAV", {"idTagInfo":{"status":"Invalid","expiryDate":"2017-05-23T11:11:46Z","parentIdTag":"-1"}}]
2017-05-23 23:12:13 	BMX -> SERVER : [2, "V7NeDL1MnbkaQcaHcYnvxOpCdcI4gpAV", "Authorize", {"idTag" : "1111"}]
2017-05-23 23:12:13 	SERVER -> BMX : [3, "V7NeDL1MnbkaQcaHcYnvxOpCdcI4gpAV", {"idTagInfo":{"status":"Invalid"}}]
2017-05-23 23:12:14 	BMX -> SERVER : [2, "V7NeDL1MnbkaQcaHcYnvxOpCdcI4gpAV", "StartTransaction", {"idTag" : "1111", "connectorId" : 1, "timestamp": "2013-02-01T15:09:18Z", "meterStart": 0}]
2017-05-23 23:12:14 	SERVER -> BMX : [3, "V7NeDL1MnbkaQcaHcYnvxOpCdcI4gpAV", {"transactionId":-1,"idTagInfo":{"status":"Invalid","expiryDate":"2017-05-23T11:12:14Z","parentIdTag":"-1"}}]
2017-05-23 23:12:19 	BMX -> SERVER : [2, "V7NeDL1MnbkaQcaHcYnvxOpCdcI4gpAV", "MeterValues", {"connectorId": 1, "transactionId": 23, "values": [{"timestamp": "2013-03-07T16:52:16Z", "values": [{"value": "0", "unit": "Wh", "measurand": "Energy.Active.Import.Register"}, {"value": "0", "unit": "varh", "measurand": "Energy.Reactive.Import.Register"}]}, {"timestamp": "2013-03-07T19:52:16Z", "values": [{"value": "20", "unit": "Wh", "measurand": "Energy.Active.Import.Register"}, {"value": "20", "unit": "varh", "measurand": "Energy.Reactive.Import.Register"}]}]}]
2017-05-23 23:12:19 	SERVER -> BMX : [3, "V7NeDL1MnbkaQcaHcYnvxOpCdcI4gpAV", {}]
2017-05-23 23:12:19 	BMX -> SERVER : [2, "V7NeDL1MnbkaQcaHcYnvxOpCdcI4gpAV", "MeterValues", {"connectorId": 1, "transactionId": 23, "values": [{"timestamp": "2013-03-07T16:52:16Z", "values": [{"value": "0", "unit": "Wh", "measurand": "Energy.Active.Import.Register"}, {"value": "0", "unit": "varh", "measurand": "Energy.Reactive.Import.Register"}]}, {"timestamp": "2013-03-07T19:52:16Z", "values": [{"value": "20", "unit": "Wh", "measurand": "Energy.Active.Import.Register"}, {"value": "20", "unit": "varh", "measurand": "Energy.Reactive.Import.Register"}]}]}]
2017-05-23 23:12:19 	SERVER -> BMX : [3, "V7NeDL1MnbkaQcaHcYnvxOpCdcI4gpAV", {}]
2017-05-23 23:12:20 	BMX -> SERVER : [2, "V7NeDL1MnbkaQcaHcYnvxOpCdcI4gpAV", "StartTransaction", {"idTag" : "1111", "connectorId" : 1, "timestamp": "2013-02-01T15:09:18Z", "meterStart": 0}]
2017-05-23 23:12:20 	SERVER -> BMX : [3, "V7NeDL1MnbkaQcaHcYnvxOpCdcI4gpAV", {"transactionId":-1,"idTagInfo":{"status":"Invalid","expiryDate":"2017-05-23T11:12:20Z","parentIdTag":"-1"}}]
2017-05-23 23:12:24 	BMX -> SERVER : [2, "V7NeDL1MnbkaQcaHcYnvxOpCdcI4gpAV", "StartTransaction", {"idTag" : "1111", "connectorId" : 1, "timestamp": "2013-02-01T15:09:18Z", "meterStart": 0}]
2017-05-23 23:12:24 	SERVER -> BMX : [3, "V7NeDL1MnbkaQcaHcYnvxOpCdcI4gpAV", {"transactionId":-1,"idTagInfo":{"status":"Invalid","expiryDate":"2017-05-23T11:12:24Z","parentIdTag":"-1"}}]
2017-05-23 23:12:26 	BMX -> SERVER : [2, "V7NeDL1MnbkaQcaHcYnvxOpCdcI4gpAV", "Authorize", {"idTag" : "1111"}]
2017-05-23 23:12:26 	SERVER -> BMX : [3, "V7NeDL1MnbkaQcaHcYnvxOpCdcI4gpAV", {"idTagInfo":{"status":"Invalid"}}]
2017-05-23 23:12:33 	BMX -> SERVER : [2, "V7NeDL1MnbkaQcaHcYnvxOpCdcI4gpAV", "HeartBeat", {}]
2017-05-23 23:12:33 	SERVER -> BMX : [3, "V7NeDL1MnbkaQcaHcYnvxOpCdcI4gpAV", {"currentTime":"2017-05-23T11:12:33Z"}]
2017-05-23 23:12:37 	BMX -> SERVER : [2, "V7NeDL1MnbkaQcaHcYnvxOpCdcI4gpAV", "StartTransaction", {"idTag" : "1111", "connectorId" : 1, "timestamp": "2013-02-01T15:09:18Z", "meterStart": 0}]
2017-05-23 23:12:37 	SERVER -> BMX : [3, "V7NeDL1MnbkaQcaHcYnvxOpCdcI4gpAV", {"transactionId":-1,"idTagInfo":{"status":"Invalid","expiryDate":"2017-05-23T11:12:37Z","parentIdTag":"-1"}}]
2017-05-23 23:12:39 	BMX -> SERVER : [2, "V7NeDL1MnbkaQcaHcYnvxOpCdcI4gpAV", "StopTransaction", {"transactionId": 23, "idTag": "1111",  "timestamp": "2013-02-01T15:09:18Z", "meterStop": 20, "transactionData": [{"values": [{"timestamp": "2013-03-07T16:52:16Z", "values": [{"value": "0", "unit": "Wh", "measurand": "Energy.Active.Import.Register"}, {"value": "0", "unit": "varh", "measurand": "Energy.Reactive.Import.Register" }]}]}, {"values": [{"timestamp": "2013-03-07T16:52:16Z", "values": [{"value": "0", "unit": "Wh", "measurand": "Energy.Active.Import.Register"}, {"value": "0", "unit": "varh", "measurand": "Energy.Reactive.Import.Register"}]}]}]}]
2017-05-23 23:12:39 	SERVER -> BMX : [3, "V7NeDL1MnbkaQcaHcYnvxOpCdcI4gpAV", {"idTagInfo":{"status":"Invalid","expiryDate":"2017-05-23T11:12:39Z","parentIdTag":"-1"}}]
2017-05-23 23:12:43 	BMX -> SERVER : [2, "V7NeDL1MnbkaQcaHcYnvxOpCdcI4gpAV", "StopTransaction", {"transactionId": 23, "idTag": "1111",  "timestamp": "2013-02-01T15:09:18Z", "meterStop": 20, "transactionData": [{"values": [{"timestamp": "2013-03-07T16:52:16Z", "values": [{"value": "0", "unit": "Wh", "measurand": "Energy.Active.Import.Register"}, {"value": "0", "unit": "varh", "measurand": "Energy.Reactive.Import.Register" }]}]}, {"values": [{"timestamp": "2013-03-07T16:52:16Z", "values": [{"value": "0", "unit": "Wh", "measurand": "Energy.Active.Import.Register"}, {"value": "0", "unit": "varh", "measurand": "Energy.Reactive.Import.Register"}]}]}]}]
2017-05-23 23:12:43 	SERVER -> BMX : [3, "V7NeDL1MnbkaQcaHcYnvxOpCdcI4gpAV", {"idTagInfo":{"status":"Invalid","expiryDate":"2017-05-23T11:12:43Z","parentIdTag":"-1"}}]
2017-05-23 23:12:46 	BMX -> SERVER : [2, "V7NeDL1MnbkaQcaHcYnvxOpCdcI4gpAV", "MeterValues", {"connectorId": 1, "transactionId": 23, "values": [{"timestamp": "2013-03-07T16:52:16Z", "values": [{"value": "0", "unit": "Wh", "measurand": "Energy.Active.Import.Register"}, {"value": "0", "unit": "varh", "measurand": "Energy.Reactive.Import.Register"}]}, {"timestamp": "2013-03-07T19:52:16Z", "values": [{"value": "20", "unit": "Wh", "measurand": "Energy.Active.Import.Register"}, {"value": "20", "unit": "varh", "measurand": "Energy.Reactive.Import.Register"}]}]}]
2017-05-23 23:12:46 	SERVER -> BMX : [3, "V7NeDL1MnbkaQcaHcYnvxOpCdcI4gpAV", {}]
2017-05-23 23:12:50 	BMX -> SERVER : [2, "V7NeDL1MnbkaQcaHcYnvxOpCdcI4gpAV", "StopTransaction", {"transactionId": 23, "idTag": "1111",  "timestamp": "2013-02-01T15:09:18Z", "meterStop": 20, "transactionData": [{"values": [{"timestamp": "2013-03-07T16:52:16Z", "values": [{"value": "0", "unit": "Wh", "measurand": "Energy.Active.Import.Register"}, {"value": "0", "unit": "varh", "measurand": "Energy.Reactive.Import.Register" }]}]}, {"values": [{"timestamp": "2013-03-07T16:52:16Z", "values": [{"value": "0", "unit": "Wh", "measurand": "Energy.Active.Import.Register"}, {"value": "0", "unit": "varh", "measurand": "Energy.Reactive.Import.Register"}]}]}]}]
2017-05-23 23:12:50 	SERVER -> BMX : [3, "V7NeDL1MnbkaQcaHcYnvxOpCdcI4gpAV", {"idTagInfo":{"status":"Invalid","expiryDate":"2017-05-23T11:12:50Z","parentIdTag":"-1"}}]
2017-05-23 23:12:52 	BMX -> SERVER : [2, "V7NeDL1MnbkaQcaHcYnvxOpCdcI4gpAV", "StartTransaction", {"idTag" : "1111", "connectorId" : 1, "timestamp": "2013-02-01T15:09:18Z", "meterStart": 0}]
2017-05-23 23:12:52 	SERVER -> BMX : [3, "V7NeDL1MnbkaQcaHcYnvxOpCdcI4gpAV", {"transactionId":-1,"idTagInfo":{"status":"Invalid","expiryDate":"2017-05-23T11:12:52Z","parentIdTag":"-1"}}]
2017-05-23 23:12:52 	BMX -> SERVER : [2, "V7NeDL1MnbkaQcaHcYnvxOpCdcI4gpAV", "Authorize", {"idTag" : "1111"}]
2017-05-23 23:12:52 	SERVER -> BMX : [3, "V7NeDL1MnbkaQcaHcYnvxOpCdcI4gpAV", {"idTagInfo":{"status":"Invalid"}}]
2017-05-23 23:12:56 	BMX -> SERVER : [2, "V7NeDL1MnbkaQcaHcYnvxOpCdcI4gpAV", "Authorize", {"idTag" : "1111"}]
2017-05-23 23:12:56 	SERVER -> BMX : [3, "V7NeDL1MnbkaQcaHcYnvxOpCdcI4gpAV", {"idTagInfo":{"status":"Invalid"}}]
2017-05-23 23:12:57 	BMX -> SERVER : [2, "V7NeDL1MnbkaQcaHcYnvxOpCdcI4gpAV", "MeterValues", {"connectorId": 1, "transactionId": 23, "values": [{"timestamp": "2013-03-07T16:52:16Z", "values": [{"value": "0", "unit": "Wh", "measurand": "Energy.Active.Import.Register"}, {"value": "0", "unit": "varh", "measurand": "Energy.Reactive.Import.Register"}]}, {"timestamp": "2013-03-07T19:52:16Z", "values": [{"value": "20", "unit": "Wh", "measurand": "Energy.Active.Import.Register"}, {"value": "20", "unit": "varh", "measurand": "Energy.Reactive.Import.Register"}]}]}]
2017-05-23 23:12:57 	SERVER -> BMX : [3, "V7NeDL1MnbkaQcaHcYnvxOpCdcI4gpAV", {}]
2017-05-23 23:13:02 	BMX -> SERVER : [2,"1","BootNotification", {"chargePointVendor":"Alfen BV","chargePointModel":"EVe-dual"}]
2017-05-23 23:13:02 	SERVER -> BMX : [3, "1", {"status":"Accepted","currentTime":"2017-05-23T11:13:02Z","heartbeatInterval":650}]
2017-05-23 23:13:03 	BMX -> SERVER : [2, "V7NeDL1MnbkaQcaHcYnvxOpCdcI4gpAV", "Authorize", {"idTag" : "1111"}]
2017-05-23 23:13:03 	SERVER -> BMX : [3, "V7NeDL1MnbkaQcaHcYnvxOpCdcI4gpAV", {"idTagInfo":{"status":"Invalid"}}]
2017-05-23 23:13:04 	BMX -> SERVER : [2,"1","BootNotification", {"chargePointVendor":"Alfen BV","chargePointModel":"EVe-dual"}]
2017-05-23 23:13:05 	SERVER -> BMX : [3, "1", {"status":"Accepted","currentTime":"2017-05-23T11:13:05Z","heartbeatInterval":650}]
2017-05-23 23:13:05 	BMX -> SERVER : [2, "V7NeDL1MnbkaQcaHcYnvxOpCdcI4gpAV", "StatusNotification", {"connectorId": 2, "status": "Available", "errorCode": "NoError", "info": "", "timestamp": "2013-02-01T15:09:18Z", "vendorId": "", "vendorErrorCode": "" }]
2017-05-23 23:13:05 	SERVER -> BMX : [3, "V7NeDL1MnbkaQcaHcYnvxOpCdcI4gpAV", {}]
2017-05-23 23:13:06 	BMX -> SERVER : [2, "V7NeDL1MnbkaQcaHcYnvxOpCdcI4gpAV", "MeterValues", {"connectorId": 1, "transactionId": 23, "values": [{"timestamp": "2013-03-07T16:52:16Z", "values": [{"value": "0", "unit": "Wh", "measurand": "Energy.Active.Import.Register"}, {"value": "0", "unit": "varh", "measurand": "Energy.Reactive.Import.Register"}]}, {"timestamp": "2013-03-07T19:52:16Z", "values": [{"value": "20", "unit": "Wh", "measurand": "Energy.Active.Import.Register"}, {"value": "20", "unit": "varh", "measurand": "Energy.Reactive.Import.Register"}]}]}]
2017-05-23 23:13:06 	SERVER -> BMX : [3, "V7NeDL1MnbkaQcaHcYnvxOpCdcI4gpAV", {}]
2017-05-23 23:13:06 	BMX -> SERVER : [2, "V7NeDL1MnbkaQcaHcYnvxOpCdcI4gpAV", "StatusNotification", {"connectorId": 2, "status": "Available", "errorCode": "NoError", "info": "", "timestamp": "2013-02-01T15:09:18Z", "vendorId": "", "vendorErrorCode": "" }]
2017-05-23 23:13:06 	SERVER -> BMX : [3, "V7NeDL1MnbkaQcaHcYnvxOpCdcI4gpAV", {}]
2017-05-23 23:13:07 	BMX -> SERVER : [2,"1","BootNotification", {"chargePointVendor":"Alfen BV","chargePointModel":"EVe-dual"}]
2017-05-23 23:13:07 	SERVER -> BMX : [3, "1", {"status":"Accepted","currentTime":"2017-05-23T11:13:07Z","heartbeatInterval":650}]
2017-05-23 23:13:07 	BMX -> SERVER : [2, "V7NeDL1MnbkaQcaHcYnvxOpCdcI4gpAV", "Authorize", {"idTag" : "1111"}]
2017-05-23 23:13:07 	SERVER -> BMX : [3, "V7NeDL1MnbkaQcaHcYnvxOpCdcI4gpAV", {"idTagInfo":{"status":"Invalid"}}]
2017-05-23 23:13:09 	BMX -> SERVER : [2, "V7NeDL1MnbkaQcaHcYnvxOpCdcI4gpAV", "StopTransaction", {"transactionId": 23, "idTag": "1111",  "timestamp": "2013-02-01T15:09:18Z", "meterStop": 20, "transactionData": [{"values": [{"timestamp": "2013-03-07T16:52:16Z", "values": [{"value": "0", "unit": "Wh", "measurand": "Energy.Active.Import.Register"}, {"value": "0", "unit": "varh", "measurand": "Energy.Reactive.Import.Register" }]}]}, {"values": [{"timestamp": "2013-03-07T16:52:16Z", "values": [{"value": "0", "unit": "Wh", "measurand": "Energy.Active.Import.Register"}, {"value": "0", "unit": "varh", "measurand": "Energy.Reactive.Import.Register"}]}]}]}]
2017-05-23 23:13:09 	SERVER -> BMX : [3, "V7NeDL1MnbkaQcaHcYnvxOpCdcI4gpAV", {"idTagInfo":{"status":"Invalid","expiryDate":"2017-05-23T11:13:09Z","parentIdTag":"-1"}}]
2017-05-23 23:13:09 	BMX -> SERVER : [2, "V7NeDL1MnbkaQcaHcYnvxOpCdcI4gpAV", "StartTransaction", {"idTag" : "1111", "connectorId" : 1, "timestamp": "2013-02-01T15:09:18Z", "meterStart": 0}]
2017-05-23 23:13:09 	SERVER -> BMX : [3, "V7NeDL1MnbkaQcaHcYnvxOpCdcI4gpAV", {"transactionId":-1,"idTagInfo":{"status":"Invalid","expiryDate":"2017-05-23T11:13:09Z","parentIdTag":"-1"}}]
2017-05-23 23:13:10 	BMX -> SERVER : [2,"1","BootNotification", {"chargePointVendor":"Alfen BV","chargePointModel":"EVe-dual"}]
2017-05-23 23:13:10 	SERVER -> BMX : [3, "1", {"status":"Accepted","currentTime":"2017-05-23T11:13:10Z","heartbeatInterval":650}]
2017-05-23 23:13:11 	BMX -> SERVER : [2, "V7NeDL1MnbkaQcaHcYnvxOpCdcI4gpAV", "StatusNotification", {"connectorId": 2, "status": "Available", "errorCode": "NoError", "info": "", "timestamp": "2013-02-01T15:09:18Z", "vendorId": "", "vendorErrorCode": "" }]
2017-05-23 23:13:11 	SERVER -> BMX : [3, "V7NeDL1MnbkaQcaHcYnvxOpCdcI4gpAV", {}]
2017-05-23 23:13:14 	BMX -> SERVER : [2, "V7NeDL1MnbkaQcaHcYnvxOpCdcI4gpAV", "StopTransaction", {"transactionId": 23, "idTag": "1111",  "timestamp": "2013-02-01T15:09:18Z", "meterStop": 20, "transactionData": [{"values": [{"timestamp": "2013-03-07T16:52:16Z", "values": [{"value": "0", "unit": "Wh", "measurand": "Energy.Active.Import.Register"}, {"value": "0", "unit": "varh", "measurand": "Energy.Reactive.Import.Register" }]}]}, {"values": [{"timestamp": "2013-03-07T16:52:16Z", "values": [{"value": "0", "unit": "Wh", "measurand": "Energy.Active.Import.Register"}, {"value": "0", "unit": "varh", "measurand": "Energy.Reactive.Import.Register"}]}]}]}]
2017-05-23 23:13:14 	SERVER -> BMX : [3, "V7NeDL1MnbkaQcaHcYnvxOpCdcI4gpAV", {"idTagInfo":{"status":"Invalid","expiryDate":"2017-05-23T11:13:14Z","parentIdTag":"-1"}}]
2017-05-23 23:13:15 	BMX -> SERVER : [2, "V7NeDL1MnbkaQcaHcYnvxOpCdcI4gpAV", "Authorize", {"idTag" : "1111"}]
2017-05-23 23:13:15 	SERVER -> BMX : [3, "V7NeDL1MnbkaQcaHcYnvxOpCdcI4gpAV", {"idTagInfo":{"status":"Invalid"}}]
2017-05-23 23:13:19 	BMX -> SERVER : [2, "V7NeDL1MnbkaQcaHcYnvxOpCdcI4gpAV", "StopTransaction", {"transactionId": 23, "idTag": "1111",  "timestamp": "2013-02-01T15:09:18Z", "meterStop": 20, "transactionData": [{"values": [{"timestamp": "2013-03-07T16:52:16Z", "values": [{"value": "0", "unit": "Wh", "measurand": "Energy.Active.Import.Register"}, {"value": "0", "unit": "varh", "measurand": "Energy.Reactive.Import.Register" }]}]}, {"values": [{"timestamp": "2013-03-07T16:52:16Z", "values": [{"value": "0", "unit": "Wh", "measurand": "Energy.Active.Import.Register"}, {"value": "0", "unit": "varh", "measurand": "Energy.Reactive.Import.Register"}]}]}]}]
2017-05-23 23:13:19 	SERVER -> BMX : [3, "V7NeDL1MnbkaQcaHcYnvxOpCdcI4gpAV", {"idTagInfo":{"status":"Invalid","expiryDate":"2017-05-23T11:13:19Z","parentIdTag":"-1"}}]
2017-05-23 23:13:20 	BMX -> SERVER : [2, "V7NeDL1MnbkaQcaHcYnvxOpCdcI4gpAV", "StopTransaction", {"transactionId": 23, "idTag": "1111",  "timestamp": "2013-02-01T15:09:18Z", "meterStop": 20, "transactionData": [{"values": [{"timestamp": "2013-03-07T16:52:16Z", "values": [{"value": "0", "unit": "Wh", "measurand": "Energy.Active.Import.Register"}, {"value": "0", "unit": "varh", "measurand": "Energy.Reactive.Import.Register" }]}]}, {"values": [{"timestamp": "2013-03-07T16:52:16Z", "values": [{"value": "0", "unit": "Wh", "measurand": "Energy.Active.Import.Register"}, {"value": "0", "unit": "varh", "measurand": "Energy.Reactive.Import.Register"}]}]}]}]
2017-05-23 23:13:20 	SERVER -> BMX : [3, "V7NeDL1MnbkaQcaHcYnvxOpCdcI4gpAV", {"idTagInfo":{"status":"Invalid","expiryDate":"2017-05-23T11:13:20Z","parentIdTag":"-1"}}]
2017-05-23 23:15:50 	BMX -> SERVER : [2, "V7NeDL1MnbkaQcaHcYnvxOpCdcI4gpAV", "Authorize", {"idTag" : "1111"}]
2017-05-23 23:15:50 	SERVER -> BMX : [3, "V7NeDL1MnbkaQcaHcYnvxOpCdcI4gpAV", {"idTagInfo":{"status":"Invalid"}}]
2017-05-23 23:15:51 	BMX -> SERVER : [2, "V7NeDL1MnbkaQcaHcYnvxOpCdcI4gpAV", "StartTransaction", {"idTag" : "1111", "connectorId" : 1, "timestamp": "2013-02-01T15:09:18Z", "meterStart": 0}]
2017-05-23 23:15:51 	SERVER -> BMX : [3, "V7NeDL1MnbkaQcaHcYnvxOpCdcI4gpAV", {"transactionId":-1,"idTagInfo":{"status":"Invalid","expiryDate":"2017-05-23T11:15:51Z","parentIdTag":"-1"}}]
2017-05-23 23:15:51 	BMX -> SERVER : [2, "V7NeDL1MnbkaQcaHcYnvxOpCdcI4gpAV", "StatusNotification", {"connectorId": 2, "status": "Available", "errorCode": "NoError", "info": "", "timestamp": "2013-02-01T15:09:18Z", "vendorId": "", "vendorErrorCode": "" }]
2017-05-23 23:15:52 	SERVER -> BMX : [3, "V7NeDL1MnbkaQcaHcYnvxOpCdcI4gpAV", {}]
2017-05-23 23:15:52 	BMX -> SERVER : [2, "V7NeDL1MnbkaQcaHcYnvxOpCdcI4gpAV", "HeartBeat", {}]
2017-05-23 23:15:52 	SERVER -> BMX : [3, "V7NeDL1MnbkaQcaHcYnvxOpCdcI4gpAV", {"currentTime":"2017-05-23T11:15:52Z"}]
2017-05-23 23:15:53 	BMX -> SERVER : [2, "V7NeDL1MnbkaQcaHcYnvxOpCdcI4gpAV", "Authorize", {"idTag" : "1111"}]
2017-05-23 23:15:53 	SERVER -> BMX : [3, "V7NeDL1MnbkaQcaHcYnvxOpCdcI4gpAV", {"idTagInfo":{"status":"Invalid"}}]
2017-05-23 23:15:53 	BMX -> SERVER : [2,"1","BootNotification", {"chargePointVendor":"Alfen BV","chargePointModel":"EVe-dual"}]
2017-05-23 23:15:53 	SERVER -> BMX : [3, "1", {"status":"Accepted","currentTime":"2017-05-23T11:15:53Z","heartbeatInterval":650}]
2017-05-23 23:15:54 	BMX -> SERVER : [2, "V7NeDL1MnbkaQcaHcYnvxOpCdcI4gpAV", "StartTransaction", {"idTag" : "1111", "connectorId" : 1, "timestamp": "2013-02-01T15:09:18Z", "meterStart": 0}]
2017-05-23 23:15:54 	SERVER -> BMX : [3, "V7NeDL1MnbkaQcaHcYnvxOpCdcI4gpAV", {"transactionId":-1,"idTagInfo":{"status":"Invalid","expiryDate":"2017-05-23T11:15:54Z","parentIdTag":"-1"}}]
2017-05-23 23:15:54 	BMX -> SERVER : [2,"1","BootNotification", {"chargePointVendor":"Alfen BV","chargePointModel":"EVe-dual"}]
2017-05-23 23:15:54 	SERVER -> BMX : [3, "1", {"status":"Accepted","currentTime":"2017-05-23T11:15:54Z","heartbeatInterval":650}]
2017-05-23 23:15:55 	BMX -> SERVER : [2, "V7NeDL1MnbkaQcaHcYnvxOpCdcI4gpAV", "StatusNotification", {"connectorId": 2, "status": "Available", "errorCode": "NoError", "info": "", "timestamp": "2013-02-01T15:09:18Z", "vendorId": "", "vendorErrorCode": "" }]
2017-05-23 23:15:55 	SERVER -> BMX : [3, "V7NeDL1MnbkaQcaHcYnvxOpCdcI4gpAV", {}]
2017-05-23 23:15:56 	BMX -> SERVER : [2,"1","BootNotification", {"chargePointVendor":"Alfen BV","chargePointModel":"EVe-dual"}]
2017-05-23 23:15:56 	SERVER -> BMX : [3, "1", {"status":"Accepted","currentTime":"2017-05-23T11:15:56Z","heartbeatInterval":650}]
2017-05-23 23:15:57 	BMX -> SERVER : [2, "V7NeDL1MnbkaQcaHcYnvxOpCdcI4gpAV", "MeterValues", {"connectorId": 1, "transactionId": 23, "values": [{"timestamp": "2013-03-07T16:52:16Z", "values": [{"value": "0", "unit": "Wh", "measurand": "Energy.Active.Import.Register"}, {"value": "0", "unit": "varh", "measurand": "Energy.Reactive.Import.Register"}]}, {"timestamp": "2013-03-07T19:52:16Z", "values": [{"value": "20", "unit": "Wh", "measurand": "Energy.Active.Import.Register"}, {"value": "20", "unit": "varh", "measurand": "Energy.Reactive.Import.Register"}]}]}]
2017-05-23 23:15:57 	SERVER -> BMX : [3, "V7NeDL1MnbkaQcaHcYnvxOpCdcI4gpAV", {}]
2017-05-23 23:15:57 	BMX -> SERVER : [2, "V7NeDL1MnbkaQcaHcYnvxOpCdcI4gpAV", "MeterValues", {"connectorId": 1, "transactionId": 23, "values": [{"timestamp": "2013-03-07T16:52:16Z", "values": [{"value": "0", "unit": "Wh", "measurand": "Energy.Active.Import.Register"}, {"value": "0", "unit": "varh", "measurand": "Energy.Reactive.Import.Register"}]}, {"timestamp": "2013-03-07T19:52:16Z", "values": [{"value": "20", "unit": "Wh", "measurand": "Energy.Active.Import.Register"}, {"value": "20", "unit": "varh", "measurand": "Energy.Reactive.Import.Register"}]}]}]
2017-05-23 23:15:57 	SERVER -> BMX : [3, "V7NeDL1MnbkaQcaHcYnvxOpCdcI4gpAV", {}]
2017-05-23 23:15:58 	BMX -> SERVER : [2, "V7NeDL1MnbkaQcaHcYnvxOpCdcI4gpAV", "StopTransaction", {"transactionId": 23, "idTag": "1111",  "timestamp": "2013-02-01T15:09:18Z", "meterStop": 20, "transactionData": [{"values": [{"timestamp": "2013-03-07T16:52:16Z", "values": [{"value": "0", "unit": "Wh", "measurand": "Energy.Active.Import.Register"}, {"value": "0", "unit": "varh", "measurand": "Energy.Reactive.Import.Register" }]}]}, {"values": [{"timestamp": "2013-03-07T16:52:16Z", "values": [{"value": "0", "unit": "Wh", "measurand": "Energy.Active.Import.Register"}, {"value": "0", "unit": "varh", "measurand": "Energy.Reactive.Import.Register"}]}]}]}]
2017-05-23 23:15:58 	SERVER -> BMX : [3, "V7NeDL1MnbkaQcaHcYnvxOpCdcI4gpAV", {"idTagInfo":{"status":"Invalid","expiryDate":"2017-05-23T11:15:58Z","parentIdTag":"-1"}}]
2017-05-23 23:15:58 	BMX -> SERVER : [2, "V7NeDL1MnbkaQcaHcYnvxOpCdcI4gpAV", "StatusNotification", {"connectorId": 2, "status": "Available", "errorCode": "NoError", "info": "", "timestamp": "2013-02-01T15:09:18Z", "vendorId": "", "vendorErrorCode": "" }]
2017-05-23 23:15:58 	SERVER -> BMX : [3, "V7NeDL1MnbkaQcaHcYnvxOpCdcI4gpAV", {}]
2017-05-23 23:15:59 	BMX -> SERVER : [2, "V7NeDL1MnbkaQcaHcYnvxOpCdcI4gpAV", "StartTransaction", {"idTag" : "1111", "connectorId" : 1, "timestamp": "2013-02-01T15:09:18Z", "meterStart": 0}]
2017-05-23 23:15:59 	SERVER -> BMX : [3, "V7NeDL1MnbkaQcaHcYnvxOpCdcI4gpAV", {"transactionId":-1,"idTagInfo":{"status":"Invalid","expiryDate":"2017-05-23T11:15:59Z","parentIdTag":"-1"}}]
2017-05-23 23:15:59 	BMX -> SERVER : [2, "V7NeDL1MnbkaQcaHcYnvxOpCdcI4gpAV", "StopTransaction", {"transactionId": 23, "idTag": "1111",  "timestamp": "2013-02-01T15:09:18Z", "meterStop": 20, "transactionData": [{"values": [{"timestamp": "2013-03-07T16:52:16Z", "values": [{"value": "0", "unit": "Wh", "measurand": "Energy.Active.Import.Register"}, {"value": "0", "unit": "varh", "measurand": "Energy.Reactive.Import.Register" }]}]}, {"values": [{"timestamp": "2013-03-07T16:52:16Z", "values": [{"value": "0", "unit": "Wh", "measurand": "Energy.Active.Import.Register"}, {"value": "0", "unit": "varh", "measurand": "Energy.Reactive.Import.Register"}]}]}]}]
2017-05-23 23:15:59 	SERVER -> BMX : [3, "V7NeDL1MnbkaQcaHcYnvxOpCdcI4gpAV", {"idTagInfo":{"status":"Invalid","expiryDate":"2017-05-23T11:15:59Z","parentIdTag":"-1"}}]
2017-05-23 23:16:00 	BMX -> SERVER : [2, "V7NeDL1MnbkaQcaHcYnvxOpCdcI4gpAV", "Authorize", {"idTag" : "1111"}]
2017-05-23 23:16:00 	SERVER -> BMX : [3, "V7NeDL1MnbkaQcaHcYnvxOpCdcI4gpAV", {"idTagInfo":{"status":"Invalid"}}]
2017-05-23 23:16:01 	BMX -> SERVER : [2, "V7NeDL1MnbkaQcaHcYnvxOpCdcI4gpAV", "Authorize", {"idTag" : "1111"}]
2017-05-23 23:16:01 	SERVER -> BMX : [3, "V7NeDL1MnbkaQcaHcYnvxOpCdcI4gpAV", {"idTagInfo":{"status":"Invalid"}}]
2017-05-23 23:16:02 	BMX -> SERVER : [2, "V7NeDL1MnbkaQcaHcYnvxOpCdcI4gpAV", "HeartBeat", {}]
2017-05-23 23:16:02 	SERVER -> BMX : [3, "V7NeDL1MnbkaQcaHcYnvxOpCdcI4gpAV", {"currentTime":"2017-05-23T11:16:02Z"}]
2017-05-23 23:16:02 	BMX -> SERVER : [2, "V7NeDL1MnbkaQcaHcYnvxOpCdcI4gpAV", "Authorize", {"idTag" : "1111"}]
2017-05-23 23:16:02 	SERVER -> BMX : [3, "V7NeDL1MnbkaQcaHcYnvxOpCdcI4gpAV", {"idTagInfo":{"status":"Invalid"}}]
2017-05-23 23:16:03 	BMX -> SERVER : [2, "V7NeDL1MnbkaQcaHcYnvxOpCdcI4gpAV", "StartTransaction", {"idTag" : "1111", "connectorId" : 1, "timestamp": "2013-02-01T15:09:18Z", "meterStart": 0}]
2017-05-23 23:16:03 	SERVER -> BMX : [3, "V7NeDL1MnbkaQcaHcYnvxOpCdcI4gpAV", {"transactionId":-1,"idTagInfo":{"status":"Invalid","expiryDate":"2017-05-23T11:16:03Z","parentIdTag":"-1"}}]
2017-05-23 23:16:04 	BMX -> SERVER : [2, "V7NeDL1MnbkaQcaHcYnvxOpCdcI4gpAV", "MeterValues", {"connectorId": 1, "transactionId": 23, "values": [{"timestamp": "2013-03-07T16:52:16Z", "values": [{"value": "0", "unit": "Wh", "measurand": "Energy.Active.Import.Register"}, {"value": "0", "unit": "varh", "measurand": "Energy.Reactive.Import.Register"}]}, {"timestamp": "2013-03-07T19:52:16Z", "values": [{"value": "20", "unit": "Wh", "measurand": "Energy.Active.Import.Register"}, {"value": "20", "unit": "varh", "measurand": "Energy.Reactive.Import.Register"}]}]}]
2017-05-23 23:16:04 	SERVER -> BMX : [3, "V7NeDL1MnbkaQcaHcYnvxOpCdcI4gpAV", {}]
2017-05-23 23:16:05 	BMX -> SERVER : [2, "V7NeDL1MnbkaQcaHcYnvxOpCdcI4gpAV", "StatusNotification", {"connectorId": 2, "status": "Available", "errorCode": "NoError", "info": "", "timestamp": "2013-02-01T15:09:18Z", "vendorId": "", "vendorErrorCode": "" }]
2017-05-23 23:16:05 	SERVER -> BMX : [3, "V7NeDL1MnbkaQcaHcYnvxOpCdcI4gpAV", {}]
2017-05-23 23:16:05 	BMX -> SERVER : [2, "V7NeDL1MnbkaQcaHcYnvxOpCdcI4gpAV", "StopTransaction", {"transactionId": 23, "idTag": "1111",  "timestamp": "2013-02-01T15:09:18Z", "meterStop": 20, "transactionData": [{"values": [{"timestamp": "2013-03-07T16:52:16Z", "values": [{"value": "0", "unit": "Wh", "measurand": "Energy.Active.Import.Register"}, {"value": "0", "unit": "varh", "measurand": "Energy.Reactive.Import.Register" }]}]}, {"values": [{"timestamp": "2013-03-07T16:52:16Z", "values": [{"value": "0", "unit": "Wh", "measurand": "Energy.Active.Import.Register"}, {"value": "0", "unit": "varh", "measurand": "Energy.Reactive.Import.Register"}]}]}]}]
2017-05-23 23:16:05 	SERVER -> BMX : [3, "V7NeDL1MnbkaQcaHcYnvxOpCdcI4gpAV", {"idTagInfo":{"status":"Invalid","expiryDate":"2017-05-23T11:16:05Z","parentIdTag":"-1"}}]
2017-05-23 23:16:06 	BMX -> SERVER : [2, "V7NeDL1MnbkaQcaHcYnvxOpCdcI4gpAV", "StatusNotification", {"connectorId": 2, "status": "Available", "errorCode": "NoError", "info": "", "timestamp": "2013-02-01T15:09:18Z", "vendorId": "", "vendorErrorCode": "" }]
2017-05-23 23:16:06 	SERVER -> BMX : [3, "V7NeDL1MnbkaQcaHcYnvxOpCdcI4gpAV", {}]
2017-05-23 23:16:07 	BMX -> SERVER : [2,"1","BootNotification", {"chargePointVendor":"Alfen BV","chargePointModel":"EVe-dual"}]
2017-05-23 23:16:07 	SERVER -> BMX : [3, "1", {"status":"Accepted","currentTime":"2017-05-23T11:16:07Z","heartbeatInterval":650}]
2017-05-23 23:16:07 	BMX -> SERVER : [2, "V7NeDL1MnbkaQcaHcYnvxOpCdcI4gpAV", "HeartBeat", {}]
2017-05-23 23:16:07 	SERVER -> BMX : [3, "V7NeDL1MnbkaQcaHcYnvxOpCdcI4gpAV", {"currentTime":"2017-05-23T11:16:07Z"}]
2017-05-23 23:16:08 	BMX -> SERVER : [2, "V7NeDL1MnbkaQcaHcYnvxOpCdcI4gpAV", "HeartBeat", {}]
2017-05-23 23:16:08 	SERVER -> BMX : [3, "V7NeDL1MnbkaQcaHcYnvxOpCdcI4gpAV", {"currentTime":"2017-05-23T11:16:08Z"}]
2017-05-23 23:16:08 	BMX -> SERVER : [2,"1","BootNotification", {"chargePointVendor":"Alfen BV","chargePointModel":"EVe-dual"}]
2017-05-23 23:16:09 	SERVER -> BMX : [3, "1", {"status":"Accepted","currentTime":"2017-05-23T11:16:08Z","heartbeatInterval":650}]
2017-05-23 23:16:09 	BMX -> SERVER : [2,"1","BootNotification", {"chargePointVendor":"Alfen BV","chargePointModel":"EVe-dual"}]
2017-05-23 23:16:09 	SERVER -> BMX : [3, "1", {"status":"Accepted","currentTime":"2017-05-23T11:16:09Z","heartbeatInterval":650}]
2017-05-23 23:16:09 	BMX -> SERVER : [2, "V7NeDL1MnbkaQcaHcYnvxOpCdcI4gpAV", "StartTransaction", {"idTag" : "1111", "connectorId" : 1, "timestamp": "2013-02-01T15:09:18Z", "meterStart": 0}]
2017-05-23 23:16:09 	SERVER -> BMX : [3, "V7NeDL1MnbkaQcaHcYnvxOpCdcI4gpAV", {"transactionId":-1,"idTagInfo":{"status":"Invalid","expiryDate":"2017-05-23T11:16:09Z","parentIdTag":"-1"}}]
2017-05-23 23:16:10 	BMX -> SERVER : [2, "V7NeDL1MnbkaQcaHcYnvxOpCdcI4gpAV", "MeterValues", {"connectorId": 1, "transactionId": 23, "values": [{"timestamp": "2013-03-07T16:52:16Z", "values": [{"value": "0", "unit": "Wh", "measurand": "Energy.Active.Import.Register"}, {"value": "0", "unit": "varh", "measurand": "Energy.Reactive.Import.Register"}]}, {"timestamp": "2013-03-07T19:52:16Z", "values": [{"value": "20", "unit": "Wh", "measurand": "Energy.Active.Import.Register"}, {"value": "20", "unit": "varh", "measurand": "Energy.Reactive.Import.Register"}]}]}]
2017-05-23 23:16:11 	SERVER -> BMX : [3, "V7NeDL1MnbkaQcaHcYnvxOpCdcI4gpAV", {}]
2017-05-23 23:16:11 	BMX -> SERVER : [2, "V7NeDL1MnbkaQcaHcYnvxOpCdcI4gpAV", "Authorize", {"idTag" : "1111"}]
2017-05-23 23:16:11 	SERVER -> BMX : [3, "V7NeDL1MnbkaQcaHcYnvxOpCdcI4gpAV", {"idTagInfo":{"status":"Invalid"}}]
2017-05-23 23:16:11 	BMX -> SERVER : [2,"1","BootNotification", {"chargePointVendor":"Alfen BV","chargePointModel":"EVe-dual"}]
2017-05-23 23:16:11 	SERVER -> BMX : [3, "1", {"status":"Accepted","currentTime":"2017-05-23T11:16:11Z","heartbeatInterval":650}]
2017-05-23 23:16:12 	BMX -> SERVER : [2, "V7NeDL1MnbkaQcaHcYnvxOpCdcI4gpAV", "Authorize", {"idTag" : "1111"}]
2017-05-23 23:16:12 	SERVER -> BMX : [3, "V7NeDL1MnbkaQcaHcYnvxOpCdcI4gpAV", {"idTagInfo":{"status":"Invalid"}}]
2017-05-23 23:16:12 	BMX -> SERVER : [2, "V7NeDL1MnbkaQcaHcYnvxOpCdcI4gpAV", "StartTransaction", {"idTag" : "1111", "connectorId" : 1, "timestamp": "2013-02-01T15:09:18Z", "meterStart": 0}]
2017-05-23 23:16:12 	SERVER -> BMX : [3, "V7NeDL1MnbkaQcaHcYnvxOpCdcI4gpAV", {"transactionId":-1,"idTagInfo":{"status":"Invalid","expiryDate":"2017-05-23T11:16:12Z","parentIdTag":"-1"}}]
2017-05-23 23:16:14 	BMX -> SERVER : [2, "V7NeDL1MnbkaQcaHcYnvxOpCdcI4gpAV", "MeterValues", {"connectorId": 1, "transactionId": 23, "values": [{"timestamp": "2013-03-07T16:52:16Z", "values": [{"value": "0", "unit": "Wh", "measurand": "Energy.Active.Import.Register"}, {"value": "0", "unit": "varh", "measurand": "Energy.Reactive.Import.Register"}]}, {"timestamp": "2013-03-07T19:52:16Z", "values": [{"value": "20", "unit": "Wh", "measurand": "Energy.Active.Import.Register"}, {"value": "20", "unit": "varh", "measurand": "Energy.Reactive.Import.Register"}]}]}]
2017-05-23 23:16:14 	SERVER -> BMX : [3, "V7NeDL1MnbkaQcaHcYnvxOpCdcI4gpAV", {}]
2017-05-23 23:16:14 	BMX -> SERVER : [2, "V7NeDL1MnbkaQcaHcYnvxOpCdcI4gpAV", "MeterValues", {"connectorId": 1, "transactionId": 23, "values": [{"timestamp": "2013-03-07T16:52:16Z", "values": [{"value": "0", "unit": "Wh", "measurand": "Energy.Active.Import.Register"}, {"value": "0", "unit": "varh", "measurand": "Energy.Reactive.Import.Register"}]}, {"timestamp": "2013-03-07T19:52:16Z", "values": [{"value": "20", "unit": "Wh", "measurand": "Energy.Active.Import.Register"}, {"value": "20", "unit": "varh", "measurand": "Energy.Reactive.Import.Register"}]}]}]
2017-05-23 23:16:14 	SERVER -> BMX : [3, "V7NeDL1MnbkaQcaHcYnvxOpCdcI4gpAV", {}]
2017-05-23 23:16:15 	BMX -> SERVER : [2, "V7NeDL1MnbkaQcaHcYnvxOpCdcI4gpAV", "Authorize", {"idTag" : "1111"}]
2017-05-23 23:16:15 	SERVER -> BMX : [3, "V7NeDL1MnbkaQcaHcYnvxOpCdcI4gpAV", {"idTagInfo":{"status":"Invalid"}}]
2017-05-23 23:16:15 	BMX -> SERVER : [2, "V7NeDL1MnbkaQcaHcYnvxOpCdcI4gpAV", "StartTransaction", {"idTag" : "1111", "connectorId" : 1, "timestamp": "2013-02-01T15:09:18Z", "meterStart": 0}]
2017-05-23 23:16:15 	SERVER -> BMX : [3, "V7NeDL1MnbkaQcaHcYnvxOpCdcI4gpAV", {"transactionId":-1,"idTagInfo":{"status":"Invalid","expiryDate":"2017-05-23T11:16:15Z","parentIdTag":"-1"}}]
2017-05-23 23:16:15 	BMX -> SERVER : [2, "V7NeDL1MnbkaQcaHcYnvxOpCdcI4gpAV", "StopTransaction", {"transactionId": 23, "idTag": "1111",  "timestamp": "2013-02-01T15:09:18Z", "meterStop": 20, "transactionData": [{"values": [{"timestamp": "2013-03-07T16:52:16Z", "values": [{"value": "0", "unit": "Wh", "measurand": "Energy.Active.Import.Register"}, {"value": "0", "unit": "varh", "measurand": "Energy.Reactive.Import.Register" }]}]}, {"values": [{"timestamp": "2013-03-07T16:52:16Z", "values": [{"value": "0", "unit": "Wh", "measurand": "Energy.Active.Import.Register"}, {"value": "0", "unit": "varh", "measurand": "Energy.Reactive.Import.Register"}]}]}]}]
2017-05-23 23:16:15 	SERVER -> BMX : [3, "V7NeDL1MnbkaQcaHcYnvxOpCdcI4gpAV", {"idTagInfo":{"status":"Invalid","expiryDate":"2017-05-23T11:16:15Z","parentIdTag":"-1"}}]
2017-05-23 23:16:16 	BMX -> SERVER : [2, "V7NeDL1MnbkaQcaHcYnvxOpCdcI4gpAV", "StopTransaction", {"transactionId": 23, "idTag": "1111",  "timestamp": "2013-02-01T15:09:18Z", "meterStop": 20, "transactionData": [{"values": [{"timestamp": "2013-03-07T16:52:16Z", "values": [{"value": "0", "unit": "Wh", "measurand": "Energy.Active.Import.Register"}, {"value": "0", "unit": "varh", "measurand": "Energy.Reactive.Import.Register" }]}]}, {"values": [{"timestamp": "2013-03-07T16:52:16Z", "values": [{"value": "0", "unit": "Wh", "measurand": "Energy.Active.Import.Register"}, {"value": "0", "unit": "varh", "measurand": "Energy.Reactive.Import.Register"}]}]}]}]
2017-05-23 23:16:16 	SERVER -> BMX : [3, "V7NeDL1MnbkaQcaHcYnvxOpCdcI4gpAV", {"idTagInfo":{"status":"Invalid","expiryDate":"2017-05-23T11:16:16Z","parentIdTag":"-1"}}]
2017-05-23 23:16:16 	BMX -> SERVER : [2, "V7NeDL1MnbkaQcaHcYnvxOpCdcI4gpAV", "StartTransaction", {"idTag" : "1111", "connectorId" : 1, "timestamp": "2013-02-01T15:09:18Z", "meterStart": 0}]
2017-05-23 23:16:16 	SERVER -> BMX : [3, "V7NeDL1MnbkaQcaHcYnvxOpCdcI4gpAV", {"transactionId":-1,"idTagInfo":{"status":"Invalid","expiryDate":"2017-05-23T11:16:16Z","parentIdTag":"-1"}}]
2017-05-23 23:16:16 	BMX -> SERVER : [2, "V7NeDL1MnbkaQcaHcYnvxOpCdcI4gpAV", "StartTransaction", {"idTag" : "1111", "connectorId" : 1, "timestamp": "2013-02-01T15:09:18Z", "meterStart": 0}]
2017-05-23 23:16:16 	SERVER -> BMX : [3, "V7NeDL1MnbkaQcaHcYnvxOpCdcI4gpAV", {"transactionId":-1,"idTagInfo":{"status":"Invalid","expiryDate":"2017-05-23T11:16:16Z","parentIdTag":"-1"}}]
2017-05-23 23:16:16 	BMX -> SERVER : [2, "V7NeDL1MnbkaQcaHcYnvxOpCdcI4gpAV", "StartTransaction", {"idTag" : "1111", "connectorId" : 1, "timestamp": "2013-02-01T15:09:18Z", "meterStart": 0}]
2017-05-23 23:16:16 	SERVER -> BMX : [3, "V7NeDL1MnbkaQcaHcYnvxOpCdcI4gpAV", {"transactionId":-1,"idTagInfo":{"status":"Invalid","expiryDate":"2017-05-23T11:16:16Z","parentIdTag":"-1"}}]
2017-05-23 23:16:16 	BMX -> SERVER : [2, "V7NeDL1MnbkaQcaHcYnvxOpCdcI4gpAV", "StartTransaction", {"idTag" : "1111", "connectorId" : 1, "timestamp": "2013-02-01T15:09:18Z", "meterStart": 0}]
2017-05-23 23:16:16 	SERVER -> BMX : [3, "V7NeDL1MnbkaQcaHcYnvxOpCdcI4gpAV", {"transactionId":-1,"idTagInfo":{"status":"Invalid","expiryDate":"2017-05-23T11:16:16Z","parentIdTag":"-1"}}]
2017-05-23 23:16:17 	BMX -> SERVER : [2, "V7NeDL1MnbkaQcaHcYnvxOpCdcI4gpAV", "StartTransaction", {"idTag" : "1111", "connectorId" : 1, "timestamp": "2013-02-01T15:09:18Z", "meterStart": 0}]
2017-05-23 23:16:17 	SERVER -> BMX : [3, "V7NeDL1MnbkaQcaHcYnvxOpCdcI4gpAV", {"transactionId":-1,"idTagInfo":{"status":"Invalid","expiryDate":"2017-05-23T11:16:17Z","parentIdTag":"-1"}}]
2017-05-23 23:17:48 	BMX -> SERVER : [2, "V7NeDL1MnbkaQcaHcYnvxOpCdcI4gpAV", "HeartBeat", {}]
2017-05-23 23:17:48 	SERVER -> BMX : [3, "V7NeDL1MnbkaQcaHcYnvxOpCdcI4gpAV", {"currentTime":"2017-05-23T11:17:48Z"}]
2017-05-23 23:17:48 	BMX -> SERVER : [2, "V7NeDL1MnbkaQcaHcYnvxOpCdcI4gpAV", "Authorize", {"idTag" : "1111"}]
2017-05-23 23:17:48 	SERVER -> BMX : [3, "V7NeDL1MnbkaQcaHcYnvxOpCdcI4gpAV", {"idTagInfo":{"status":"Invalid"}}]
2017-05-23 23:17:49 	BMX -> SERVER : [2, "V7NeDL1MnbkaQcaHcYnvxOpCdcI4gpAV", "StartTransaction", {"idTag" : "1111", "connectorId" : 1, "timestamp": "2013-02-01T15:09:18Z", "meterStart": 0}]
2017-05-23 23:17:49 	SERVER -> BMX : [3, "V7NeDL1MnbkaQcaHcYnvxOpCdcI4gpAV", {"transactionId":-1,"idTagInfo":{"status":"Invalid","expiryDate":"2017-05-23T11:17:49Z","parentIdTag":"-1"}}]
2017-05-23 23:17:49 	BMX -> SERVER : [2, "V7NeDL1MnbkaQcaHcYnvxOpCdcI4gpAV", "StopTransaction", {"transactionId": 23, "idTag": "1111",  "timestamp": "2013-02-01T15:09:18Z", "meterStop": 20, "transactionData": [{"values": [{"timestamp": "2013-03-07T16:52:16Z", "values": [{"value": "0", "unit": "Wh", "measurand": "Energy.Active.Import.Register"}, {"value": "0", "unit": "varh", "measurand": "Energy.Reactive.Import.Register" }]}]}, {"values": [{"timestamp": "2013-03-07T16:52:16Z", "values": [{"value": "0", "unit": "Wh", "measurand": "Energy.Active.Import.Register"}, {"value": "0", "unit": "varh", "measurand": "Energy.Reactive.Import.Register"}]}]}]}]
2017-05-23 23:17:49 	SERVER -> BMX : [3, "V7NeDL1MnbkaQcaHcYnvxOpCdcI4gpAV", {"idTagInfo":{"status":"Invalid","expiryDate":"2017-05-23T11:17:49Z","parentIdTag":"-1"}}]
2017-05-23 23:17:49 	BMX -> SERVER : [2, "V7NeDL1MnbkaQcaHcYnvxOpCdcI4gpAV", "StatusNotification", {"connectorId": 2, "status": "Available", "errorCode": "NoError", "info": "", "timestamp": "2013-02-01T15:09:18Z", "vendorId": "", "vendorErrorCode": "" }]
2017-05-23 23:17:49 	SERVER -> BMX : [3, "V7NeDL1MnbkaQcaHcYnvxOpCdcI4gpAV", {}]
2017-05-23 23:17:50 	BMX -> SERVER : [2, "V7NeDL1MnbkaQcaHcYnvxOpCdcI4gpAV", "StartTransaction", {"idTag" : "1111", "connectorId" : 1, "timestamp": "2013-02-01T15:09:18Z", "meterStart": 0}]
2017-05-23 23:17:50 	SERVER -> BMX : [3, "V7NeDL1MnbkaQcaHcYnvxOpCdcI4gpAV", {"transactionId":-1,"idTagInfo":{"status":"Invalid","expiryDate":"2017-05-23T11:17:50Z","parentIdTag":"-1"}}]
2017-05-23 23:17:50 	BMX -> SERVER : [2,"1","BootNotification", {"chargePointVendor":"Alfen BV","chargePointModel":"EVe-dual"}]
2017-05-23 23:17:50 	SERVER -> BMX : [3, "1", {"status":"Accepted","currentTime":"2017-05-23T11:17:50Z","heartbeatInterval":650}]
2017-05-23 23:17:50 	BMX -> SERVER : [2, "V7NeDL1MnbkaQcaHcYnvxOpCdcI4gpAV", "HeartBeat", {}]
2017-05-23 23:17:51 	SERVER -> BMX : [3, "V7NeDL1MnbkaQcaHcYnvxOpCdcI4gpAV", {"currentTime":"2017-05-23T11:17:50Z"}]
2017-05-23 23:17:51 	BMX -> SERVER : [2, "V7NeDL1MnbkaQcaHcYnvxOpCdcI4gpAV", "Authorize", {"idTag" : "1111"}]
2017-05-23 23:17:51 	SERVER -> BMX : [3, "V7NeDL1MnbkaQcaHcYnvxOpCdcI4gpAV", {"idTagInfo":{"status":"Invalid"}}]
2017-05-23 23:17:51 	BMX -> SERVER : [2, "V7NeDL1MnbkaQcaHcYnvxOpCdcI4gpAV", "MeterValues", {"connectorId": 1, "transactionId": 23, "values": [{"timestamp": "2013-03-07T16:52:16Z", "values": [{"value": "0", "unit": "Wh", "measurand": "Energy.Active.Import.Register"}, {"value": "0", "unit": "varh", "measurand": "Energy.Reactive.Import.Register"}]}, {"timestamp": "2013-03-07T19:52:16Z", "values": [{"value": "20", "unit": "Wh", "measurand": "Energy.Active.Import.Register"}, {"value": "20", "unit": "varh", "measurand": "Energy.Reactive.Import.Register"}]}]}]
2017-05-23 23:17:51 	SERVER -> BMX : [3, "V7NeDL1MnbkaQcaHcYnvxOpCdcI4gpAV", {}]
2017-05-23 23:17:52 	BMX -> SERVER : [2, "V7NeDL1MnbkaQcaHcYnvxOpCdcI4gpAV", "StatusNotification", {"connectorId": 2, "status": "Available", "errorCode": "NoError", "info": "", "timestamp": "2013-02-01T15:09:18Z", "vendorId": "", "vendorErrorCode": "" }]
2017-05-23 23:17:52 	SERVER -> BMX : [3, "V7NeDL1MnbkaQcaHcYnvxOpCdcI4gpAV", {}]
2017-05-23 23:17:52 	BMX -> SERVER : [2, "V7NeDL1MnbkaQcaHcYnvxOpCdcI4gpAV", "StopTransaction", {"transactionId": 23, "idTag": "1111",  "timestamp": "2013-02-01T15:09:18Z", "meterStop": 20, "transactionData": [{"values": [{"timestamp": "2013-03-07T16:52:16Z", "values": [{"value": "0", "unit": "Wh", "measurand": "Energy.Active.Import.Register"}, {"value": "0", "unit": "varh", "measurand": "Energy.Reactive.Import.Register" }]}]}, {"values": [{"timestamp": "2013-03-07T16:52:16Z", "values": [{"value": "0", "unit": "Wh", "measurand": "Energy.Active.Import.Register"}, {"value": "0", "unit": "varh", "measurand": "Energy.Reactive.Import.Register"}]}]}]}]
2017-05-23 23:17:52 	SERVER -> BMX : [3, "V7NeDL1MnbkaQcaHcYnvxOpCdcI4gpAV", {"idTagInfo":{"status":"Invalid","expiryDate":"2017-05-23T11:17:52Z","parentIdTag":"-1"}}]
2017-05-23 23:17:52 	BMX -> SERVER : [2, "V7NeDL1MnbkaQcaHcYnvxOpCdcI4gpAV", "StatusNotification", {"connectorId": 2, "status": "Available", "errorCode": "NoError", "info": "", "timestamp": "2013-02-01T15:09:18Z", "vendorId": "", "vendorErrorCode": "" }]
2017-05-23 23:17:52 	SERVER -> BMX : [3, "V7NeDL1MnbkaQcaHcYnvxOpCdcI4gpAV", {}]
2017-05-23 23:17:53 	BMX -> SERVER : [2, "V7NeDL1MnbkaQcaHcYnvxOpCdcI4gpAV", "MeterValues", {"connectorId": 1, "transactionId": 23, "values": [{"timestamp": "2013-03-07T16:52:16Z", "values": [{"value": "0", "unit": "Wh", "measurand": "Energy.Active.Import.Register"}, {"value": "0", "unit": "varh", "measurand": "Energy.Reactive.Import.Register"}]}, {"timestamp": "2013-03-07T19:52:16Z", "values": [{"value": "20", "unit": "Wh", "measurand": "Energy.Active.Import.Register"}, {"value": "20", "unit": "varh", "measurand": "Energy.Reactive.Import.Register"}]}]}]
2017-05-23 23:17:53 	SERVER -> BMX : [3, "V7NeDL1MnbkaQcaHcYnvxOpCdcI4gpAV", {}]
2017-05-23 23:17:53 	BMX -> SERVER : [2, "V7NeDL1MnbkaQcaHcYnvxOpCdcI4gpAV", "StopTransaction", {"transactionId": 23, "idTag": "1111",  "timestamp": "2013-02-01T15:09:18Z", "meterStop": 20, "transactionData": [{"values": [{"timestamp": "2013-03-07T16:52:16Z", "values": [{"value": "0", "unit": "Wh", "measurand": "Energy.Active.Import.Register"}, {"value": "0", "unit": "varh", "measurand": "Energy.Reactive.Import.Register" }]}]}, {"values": [{"timestamp": "2013-03-07T16:52:16Z", "values": [{"value": "0", "unit": "Wh", "measurand": "Energy.Active.Import.Register"}, {"value": "0", "unit": "varh", "measurand": "Energy.Reactive.Import.Register"}]}]}]}]
2017-05-23 23:17:53 	SERVER -> BMX : [3, "V7NeDL1MnbkaQcaHcYnvxOpCdcI4gpAV", {"idTagInfo":{"status":"Invalid","expiryDate":"2017-05-23T11:17:53Z","parentIdTag":"-1"}}]
2017-05-23 23:17:55 	BMX -> SERVER : [2, "V7NeDL1MnbkaQcaHcYnvxOpCdcI4gpAV", "StartTransaction", {"idTag" : "1111", "connectorId" : 1, "timestamp": "2013-02-01T15:09:18Z", "meterStart": 0}]
2017-05-23 23:17:55 	SERVER -> BMX : [3, "V7NeDL1MnbkaQcaHcYnvxOpCdcI4gpAV", {"transactionId":-1,"idTagInfo":{"status":"Invalid","expiryDate":"2017-05-23T11:17:55Z","parentIdTag":"-1"}}]
2017-05-23 23:17:55 	BMX -> SERVER : [2, "V7NeDL1MnbkaQcaHcYnvxOpCdcI4gpAV", "StopTransaction", {"transactionId": 23, "idTag": "1111",  "timestamp": "2013-02-01T15:09:18Z", "meterStop": 20, "transactionData": [{"values": [{"timestamp": "2013-03-07T16:52:16Z", "values": [{"value": "0", "unit": "Wh", "measurand": "Energy.Active.Import.Register"}, {"value": "0", "unit": "varh", "measurand": "Energy.Reactive.Import.Register" }]}]}, {"values": [{"timestamp": "2013-03-07T16:52:16Z", "values": [{"value": "0", "unit": "Wh", "measurand": "Energy.Active.Import.Register"}, {"value": "0", "unit": "varh", "measurand": "Energy.Reactive.Import.Register"}]}]}]}]
2017-05-23 23:17:55 	SERVER -> BMX : [3, "V7NeDL1MnbkaQcaHcYnvxOpCdcI4gpAV", {"idTagInfo":{"status":"Invalid","expiryDate":"2017-05-23T11:17:55Z","parentIdTag":"-1"}}]
2017-05-23 23:17:55 	BMX -> SERVER : [2, "V7NeDL1MnbkaQcaHcYnvxOpCdcI4gpAV", "StatusNotification", {"connectorId": 2, "status": "Available", "errorCode": "NoError", "info": "", "timestamp": "2013-02-01T15:09:18Z", "vendorId": "", "vendorErrorCode": "" }]
2017-05-23 23:17:55 	SERVER -> BMX : [3, "V7NeDL1MnbkaQcaHcYnvxOpCdcI4gpAV", {}]
2017-05-23 23:17:56 	BMX -> SERVER : [2, "V7NeDL1MnbkaQcaHcYnvxOpCdcI4gpAV", "StopTransaction", {"transactionId": 23, "idTag": "1111",  "timestamp": "2013-02-01T15:09:18Z", "meterStop": 20, "transactionData": [{"values": [{"timestamp": "2013-03-07T16:52:16Z", "values": [{"value": "0", "unit": "Wh", "measurand": "Energy.Active.Import.Register"}, {"value": "0", "unit": "varh", "measurand": "Energy.Reactive.Import.Register" }]}]}, {"values": [{"timestamp": "2013-03-07T16:52:16Z", "values": [{"value": "0", "unit": "Wh", "measurand": "Energy.Active.Import.Register"}, {"value": "0", "unit": "varh", "measurand": "Energy.Reactive.Import.Register"}]}]}]}]
2017-05-23 23:17:56 	SERVER -> BMX : [3, "V7NeDL1MnbkaQcaHcYnvxOpCdcI4gpAV", {"idTagInfo":{"status":"Invalid","expiryDate":"2017-05-23T11:17:56Z","parentIdTag":"-1"}}]
2017-05-23 23:17:56 	BMX -> SERVER : [2, "V7NeDL1MnbkaQcaHcYnvxOpCdcI4gpAV", "StartTransaction", {"idTag" : "1111", "connectorId" : 1, "timestamp": "2013-02-01T15:09:18Z", "meterStart": 0}]
2017-05-23 23:17:56 	SERVER -> BMX : [3, "V7NeDL1MnbkaQcaHcYnvxOpCdcI4gpAV", {"transactionId":-1,"idTagInfo":{"status":"Invalid","expiryDate":"2017-05-23T11:17:56Z","parentIdTag":"-1"}}]
2017-05-23 23:17:57 	BMX -> SERVER : [2, "V7NeDL1MnbkaQcaHcYnvxOpCdcI4gpAV", "StatusNotification", {"connectorId": 2, "status": "Available", "errorCode": "NoError", "info": "", "timestamp": "2013-02-01T15:09:18Z", "vendorId": "", "vendorErrorCode": "" }]
2017-05-23 23:17:57 	SERVER -> BMX : [3, "V7NeDL1MnbkaQcaHcYnvxOpCdcI4gpAV", {}]
2017-05-23 23:17:57 	BMX -> SERVER : [2, "V7NeDL1MnbkaQcaHcYnvxOpCdcI4gpAV", "Authorize", {"idTag" : "1111"}]
2017-05-23 23:17:57 	SERVER -> BMX : [3, "V7NeDL1MnbkaQcaHcYnvxOpCdcI4gpAV", {"idTagInfo":{"status":"Invalid"}}]
2017-05-23 23:17:58 	BMX -> SERVER : [2, "V7NeDL1MnbkaQcaHcYnvxOpCdcI4gpAV", "StartTransaction", {"idTag" : "1111", "connectorId" : 1, "timestamp": "2013-02-01T15:09:18Z", "meterStart": 0}]
2017-05-23 23:17:58 	SERVER -> BMX : [3, "V7NeDL1MnbkaQcaHcYnvxOpCdcI4gpAV", {"transactionId":-1,"idTagInfo":{"status":"Invalid","expiryDate":"2017-05-23T11:17:58Z","parentIdTag":"-1"}}]
2017-05-23 23:17:58 	BMX -> SERVER : [2, "V7NeDL1MnbkaQcaHcYnvxOpCdcI4gpAV", "StartTransaction", {"idTag" : "1111", "connectorId" : 1, "timestamp": "2013-02-01T15:09:18Z", "meterStart": 0}]
2017-05-23 23:17:58 	SERVER -> BMX : [3, "V7NeDL1MnbkaQcaHcYnvxOpCdcI4gpAV", {"transactionId":-1,"idTagInfo":{"status":"Invalid","expiryDate":"2017-05-23T11:17:58Z","parentIdTag":"-1"}}]
2017-05-23 23:17:59 	BMX -> SERVER : [2, "V7NeDL1MnbkaQcaHcYnvxOpCdcI4gpAV", "HeartBeat", {}]
2017-05-23 23:17:59 	SERVER -> BMX : [3, "V7NeDL1MnbkaQcaHcYnvxOpCdcI4gpAV", {"currentTime":"2017-05-23T11:17:59Z"}]
2017-05-23 23:17:59 	BMX -> SERVER : [2,"1","BootNotification", {"chargePointVendor":"Alfen BV","chargePointModel":"EVe-dual"}]
2017-05-23 23:17:59 	SERVER -> BMX : [3, "1", {"status":"Accepted","currentTime":"2017-05-23T11:17:59Z","heartbeatInterval":650}]
2017-05-23 23:18:00 	BMX -> SERVER : [2, "V7NeDL1MnbkaQcaHcYnvxOpCdcI4gpAV", "Authorize", {"idTag" : "1111"}]
2017-05-23 23:18:00 	SERVER -> BMX : [3, "V7NeDL1MnbkaQcaHcYnvxOpCdcI4gpAV", {"idTagInfo":{"status":"Invalid"}}]
2017-05-23 23:18:01 	BMX -> SERVER : [2,"1","BootNotification", {"chargePointVendor":"Alfen BV","chargePointModel":"EVe-dual"}]
2017-05-23 23:18:01 	SERVER -> BMX : [3, "1", {"status":"Accepted","currentTime":"2017-05-23T11:18:01Z","heartbeatInterval":650}]
2017-05-23 23:18:01 	BMX -> SERVER : [2, "V7NeDL1MnbkaQcaHcYnvxOpCdcI4gpAV", "StatusNotification", {"connectorId": 2, "status": "Available", "errorCode": "NoError", "info": "", "timestamp": "2013-02-01T15:09:18Z", "vendorId": "", "vendorErrorCode": "" }]
2017-05-23 23:18:01 	SERVER -> BMX : [3, "V7NeDL1MnbkaQcaHcYnvxOpCdcI4gpAV", {}]
2017-05-23 23:18:02 	BMX -> SERVER : [2,"1","BootNotification", {"chargePointVendor":"Alfen BV","chargePointModel":"EVe-dual"}]
2017-05-23 23:18:02 	SERVER -> BMX : [3, "1", {"status":"Accepted","currentTime":"2017-05-23T11:18:02Z","heartbeatInterval":650}]
2017-05-23 23:18:03 	BMX -> SERVER : [2, "V7NeDL1MnbkaQcaHcYnvxOpCdcI4gpAV", "MeterValues", {"connectorId": 1, "transactionId": 23, "values": [{"timestamp": "2013-03-07T16:52:16Z", "values": [{"value": "0", "unit": "Wh", "measurand": "Energy.Active.Import.Register"}, {"value": "0", "unit": "varh", "measurand": "Energy.Reactive.Import.Register"}]}, {"timestamp": "2013-03-07T19:52:16Z", "values": [{"value": "20", "unit": "Wh", "measurand": "Energy.Active.Import.Register"}, {"value": "20", "unit": "varh", "measurand": "Energy.Reactive.Import.Register"}]}]}]
2017-05-23 23:18:03 	SERVER -> BMX : [3, "V7NeDL1MnbkaQcaHcYnvxOpCdcI4gpAV", {}]
2017-05-23 23:18:03 	BMX -> SERVER : [2, "V7NeDL1MnbkaQcaHcYnvxOpCdcI4gpAV", "MeterValues", {"connectorId": 1, "transactionId": 23, "values": [{"timestamp": "2013-03-07T16:52:16Z", "values": [{"value": "0", "unit": "Wh", "measurand": "Energy.Active.Import.Register"}, {"value": "0", "unit": "varh", "measurand": "Energy.Reactive.Import.Register"}]}, {"timestamp": "2013-03-07T19:52:16Z", "values": [{"value": "20", "unit": "Wh", "measurand": "Energy.Active.Import.Register"}, {"value": "20", "unit": "varh", "measurand": "Energy.Reactive.Import.Register"}]}]}]
2017-05-23 23:18:03 	SERVER -> BMX : [3, "V7NeDL1MnbkaQcaHcYnvxOpCdcI4gpAV", {}]
2017-05-23 23:18:03 	BMX -> SERVER : [2, "V7NeDL1MnbkaQcaHcYnvxOpCdcI4gpAV", "MeterValues", {"connectorId": 1, "transactionId": 23, "values": [{"timestamp": "2013-03-07T16:52:16Z", "values": [{"value": "0", "unit": "Wh", "measurand": "Energy.Active.Import.Register"}, {"value": "0", "unit": "varh", "measurand": "Energy.Reactive.Import.Register"}]}, {"timestamp": "2013-03-07T19:52:16Z", "values": [{"value": "20", "unit": "Wh", "measurand": "Energy.Active.Import.Register"}, {"value": "20", "unit": "varh", "measurand": "Energy.Reactive.Import.Register"}]}]}]
2017-05-23 23:18:03 	SERVER -> BMX : [3, "V7NeDL1MnbkaQcaHcYnvxOpCdcI4gpAV", {}]
2017-05-23 23:18:04 	BMX -> SERVER : [2, "V7NeDL1MnbkaQcaHcYnvxOpCdcI4gpAV", "StatusNotification", {"connectorId": 2, "status": "Available", "errorCode": "NoError", "info": "", "timestamp": "2013-02-01T15:09:18Z", "vendorId": "", "vendorErrorCode": "" }]
2017-05-23 23:18:04 	SERVER -> BMX : [3, "V7NeDL1MnbkaQcaHcYnvxOpCdcI4gpAV", {}]
2017-05-23 23:18:04 	BMX -> SERVER : [2, "V7NeDL1MnbkaQcaHcYnvxOpCdcI4gpAV", "StopTransaction", {"transactionId": 23, "idTag": "1111",  "timestamp": "2013-02-01T15:09:18Z", "meterStop": 20, "transactionData": [{"values": [{"timestamp": "2013-03-07T16:52:16Z", "values": [{"value": "0", "unit": "Wh", "measurand": "Energy.Active.Import.Register"}, {"value": "0", "unit": "varh", "measurand": "Energy.Reactive.Import.Register" }]}]}, {"values": [{"timestamp": "2013-03-07T16:52:16Z", "values": [{"value": "0", "unit": "Wh", "measurand": "Energy.Active.Import.Register"}, {"value": "0", "unit": "varh", "measurand": "Energy.Reactive.Import.Register"}]}]}]}]
2017-05-23 23:18:04 	SERVER -> BMX : [3, "V7NeDL1MnbkaQcaHcYnvxOpCdcI4gpAV", {"idTagInfo":{"status":"Invalid","expiryDate":"2017-05-23T11:18:04Z","parentIdTag":"-1"}}]
2017-05-23 23:18:04 	BMX -> SERVER : [2, "V7NeDL1MnbkaQcaHcYnvxOpCdcI4gpAV", "StopTransaction", {"transactionId": 23, "idTag": "1111",  "timestamp": "2013-02-01T15:09:18Z", "meterStop": 20, "transactionData": [{"values": [{"timestamp": "2013-03-07T16:52:16Z", "values": [{"value": "0", "unit": "Wh", "measurand": "Energy.Active.Import.Register"}, {"value": "0", "unit": "varh", "measurand": "Energy.Reactive.Import.Register" }]}]}, {"values": [{"timestamp": "2013-03-07T16:52:16Z", "values": [{"value": "0", "unit": "Wh", "measurand": "Energy.Active.Import.Register"}, {"value": "0", "unit": "varh", "measurand": "Energy.Reactive.Import.Register"}]}]}]}]
2017-05-23 23:18:04 	SERVER -> BMX : [3, "V7NeDL1MnbkaQcaHcYnvxOpCdcI4gpAV", {"idTagInfo":{"status":"Invalid","expiryDate":"2017-05-23T11:18:04Z","parentIdTag":"-1"}}]
2017-05-23 23:18:05 	BMX -> SERVER : [2, "V7NeDL1MnbkaQcaHcYnvxOpCdcI4gpAV", "StartTransaction", {"idTag" : "1111", "connectorId" : 1, "timestamp": "2013-02-01T15:09:18Z", "meterStart": 0}]
2017-05-23 23:18:05 	SERVER -> BMX : [3, "V7NeDL1MnbkaQcaHcYnvxOpCdcI4gpAV", {"transactionId":-1,"idTagInfo":{"status":"Invalid","expiryDate":"2017-05-23T11:18:05Z","parentIdTag":"-1"}}]
2017-05-23 23:18:05 	BMX -> SERVER : [2, "V7NeDL1MnbkaQcaHcYnvxOpCdcI4gpAV", "StartTransaction", {"idTag" : "1111", "connectorId" : 1, "timestamp": "2013-02-01T15:09:18Z", "meterStart": 0}]
2017-05-23 23:18:05 	SERVER -> BMX : [3, "V7NeDL1MnbkaQcaHcYnvxOpCdcI4gpAV", {"transactionId":-1,"idTagInfo":{"status":"Invalid","expiryDate":"2017-05-23T11:18:05Z","parentIdTag":"-1"}}]
2017-05-23 23:18:06 	BMX -> SERVER : [2, "V7NeDL1MnbkaQcaHcYnvxOpCdcI4gpAV", "HeartBeat", {}]
2017-05-23 23:18:06 	SERVER -> BMX : [3, "V7NeDL1MnbkaQcaHcYnvxOpCdcI4gpAV", {"currentTime":"2017-05-23T11:18:06Z"}]
2017-05-23 23:18:06 	BMX -> SERVER : [2,"1","BootNotification", {"chargePointVendor":"Alfen BV","chargePointModel":"EVe-dual"}]
2017-05-23 23:18:06 	SERVER -> BMX : [3, "1", {"status":"Accepted","currentTime":"2017-05-23T11:18:06Z","heartbeatInterval":650}]
2017-05-23 23:18:06 	BMX -> SERVER : [2, "V7NeDL1MnbkaQcaHcYnvxOpCdcI4gpAV", "Authorize", {"idTag" : "1111"}]
2017-05-23 23:18:07 	SERVER -> BMX : [3, "V7NeDL1MnbkaQcaHcYnvxOpCdcI4gpAV", {"idTagInfo":{"status":"Invalid"}}]
2017-05-23 23:18:07 	BMX -> SERVER : [2,"1","BootNotification", {"chargePointVendor":"Alfen BV","chargePointModel":"EVe-dual"}]
2017-05-23 23:18:07 	SERVER -> BMX : [3, "1", {"status":"Accepted","currentTime":"2017-05-23T11:18:07Z","heartbeatInterval":650}]
2017-05-23 23:18:07 	BMX -> SERVER : [2,"1","BootNotification", {"chargePointVendor":"Alfen BV","chargePointModel":"EVe-dual"}]
2017-05-23 23:18:07 	SERVER -> BMX : [3, "1", {"status":"Accepted","currentTime":"2017-05-23T11:18:07Z","heartbeatInterval":650}]
2017-05-23 23:18:08 	BMX -> SERVER : [2, "V7NeDL1MnbkaQcaHcYnvxOpCdcI4gpAV", "StopTransaction", {"transactionId": 23, "idTag": "1111",  "timestamp": "2013-02-01T15:09:18Z", "meterStop": 20, "transactionData": [{"values": [{"timestamp": "2013-03-07T16:52:16Z", "values": [{"value": "0", "unit": "Wh", "measurand": "Energy.Active.Import.Register"}, {"value": "0", "unit": "varh", "measurand": "Energy.Reactive.Import.Register" }]}]}, {"values": [{"timestamp": "2013-03-07T16:52:16Z", "values": [{"value": "0", "unit": "Wh", "measurand": "Energy.Active.Import.Register"}, {"value": "0", "unit": "varh", "measurand": "Energy.Reactive.Import.Register"}]}]}]}]
2017-05-23 23:18:08 	SERVER -> BMX : [3, "V7NeDL1MnbkaQcaHcYnvxOpCdcI4gpAV", {"idTagInfo":{"status":"Invalid","expiryDate":"2017-05-23T11:18:08Z","parentIdTag":"-1"}}]
2017-05-23 23:18:08 	BMX -> SERVER : [2, "V7NeDL1MnbkaQcaHcYnvxOpCdcI4gpAV", "StatusNotification", {"connectorId": 2, "status": "Available", "errorCode": "NoError", "info": "", "timestamp": "2013-02-01T15:09:18Z", "vendorId": "", "vendorErrorCode": "" }]
2017-05-23 23:18:08 	SERVER -> BMX : [3, "V7NeDL1MnbkaQcaHcYnvxOpCdcI4gpAV", {}]
2017-05-23 23:18:08 	BMX -> SERVER : [2, "V7NeDL1MnbkaQcaHcYnvxOpCdcI4gpAV", "MeterValues", {"connectorId": 1, "transactionId": 23, "values": [{"timestamp": "2013-03-07T16:52:16Z", "values": [{"value": "0", "unit": "Wh", "measurand": "Energy.Active.Import.Register"}, {"value": "0", "unit": "varh", "measurand": "Energy.Reactive.Import.Register"}]}, {"timestamp": "2013-03-07T19:52:16Z", "values": [{"value": "20", "unit": "Wh", "measurand": "Energy.Active.Import.Register"}, {"value": "20", "unit": "varh", "measurand": "Energy.Reactive.Import.Register"}]}]}]
2017-05-23 23:18:09 	SERVER -> BMX : [3, "V7NeDL1MnbkaQcaHcYnvxOpCdcI4gpAV", {}]
2017-05-23 23:18:09 	BMX -> SERVER : [2,"1","BootNotification", {"chargePointVendor":"Alfen BV","chargePointModel":"EVe-dual"}]
2017-05-23 23:18:09 	SERVER -> BMX : [3, "1", {"status":"Accepted","currentTime":"2017-05-23T11:18:09Z","heartbeatInterval":650}]
